[2019-06-24T09:54:10.229] [INFO] default - test info 1
[2019-06-24T09:56:13.968] [INFO] default - test info 1
[2019-06-24T09:57:08.292] [INFO] default - test info 1
[2019-06-24T09:57:30.200] [INFO] default - test info 1
[2019-06-24T09:57:30.247] [INFO] default - [::1 GET / 404 8ms][ HTTP/1.1 Mozilla/5.0 (Windows NT 6.1; Win64; x64) AppleWebKit/537.36 (KHTML, like Gecko) Chrome/68.0.3440.106 Safari/537.36]
[2019-06-24T09:57:30.439] [INFO] default - [::1 GET /favicon.ico 404 5ms][http://localhost:3000/ HTTP/1.1 Mozilla/5.0 (Windows NT 6.1; Win64; x64) AppleWebKit/537.36 (KHTML, like Gecko) Chrome/68.0.3440.106 Safari/537.36]
[2019-06-24T09:58:37.702] [INFO] default - test info 1
[2019-06-24T09:58:39.733] [INFO] default - [::1 GET / 404 11ms][ HTTP/1.1 Mozilla/5.0 (Windows NT 6.1; Win64; x64) AppleWebKit/537.36 (KHTML, like Gecko) Chrome/68.0.3440.106 Safari/537.36]
[2019-06-24T09:58:49.496] [INFO] default - test info 1
[2019-06-24T09:58:51.578] [INFO] default - [::1 GET / 200 19ms][ HTTP/1.1 Mozilla/5.0 (Windows NT 6.1; Win64; x64) AppleWebKit/537.36 (KHTML, like Gecko) Chrome/68.0.3440.106 Safari/537.36]
[2019-06-24T09:58:51.601] [INFO] default - [::1 GET /css/login.css 404 6ms][http://localhost:3000/ HTTP/1.1 Mozilla/5.0 (Windows NT 6.1; Win64; x64) AppleWebKit/537.36 (KHTML, like Gecko) Chrome/68.0.3440.106 Safari/537.36]
[2019-06-24T09:58:51.603] [INFO] default - [::1 GET /img/icon1.png 404 1ms][http://localhost:3000/ HTTP/1.1 Mozilla/5.0 (Windows NT 6.1; Win64; x64) AppleWebKit/537.36 (KHTML, like Gecko) Chrome/68.0.3440.106 Safari/537.36]
[2019-06-24T09:58:51.605] [INFO] default - [::1 GET /img/icon2.png 404 1ms][http://localhost:3000/ HTTP/1.1 Mozilla/5.0 (Windows NT 6.1; Win64; x64) AppleWebKit/537.36 (KHTML, like Gecko) Chrome/68.0.3440.106 Safari/537.36]
[2019-06-24T10:04:36.697] [INFO] default - [::1 GET / 200 4ms][ HTTP/1.1 Mozilla/5.0 (Windows NT 6.1; Win64; x64) AppleWebKit/537.36 (KHTML, like Gecko) Chrome/68.0.3440.106 Safari/537.36]
[2019-06-24T10:04:36.718] [INFO] default - [::1 GET /public/css/login.css 404 2ms][http://localhost:3000/ HTTP/1.1 Mozilla/5.0 (Windows NT 6.1; Win64; x64) AppleWebKit/537.36 (KHTML, like Gecko) Chrome/68.0.3440.106 Safari/537.36]
[2019-06-24T10:04:36.720] [INFO] default - [::1 GET /public/img/icon1.png 404 1ms][http://localhost:3000/ HTTP/1.1 Mozilla/5.0 (Windows NT 6.1; Win64; x64) AppleWebKit/537.36 (KHTML, like Gecko) Chrome/68.0.3440.106 Safari/537.36]
[2019-06-24T10:04:36.723] [INFO] default - [::1 GET /public/img/icon2.png 404 1ms][http://localhost:3000/ HTTP/1.1 Mozilla/5.0 (Windows NT 6.1; Win64; x64) AppleWebKit/537.36 (KHTML, like Gecko) Chrome/68.0.3440.106 Safari/537.36]
[2019-06-24T10:04:37.617] [INFO] default - [::1 GET / 304 1ms][ HTTP/1.1 Mozilla/5.0 (Windows NT 6.1; Win64; x64) AppleWebKit/537.36 (KHTML, like Gecko) Chrome/68.0.3440.106 Safari/537.36]
[2019-06-24T10:04:37.646] [INFO] default - [::1 GET /public/css/login.css 404 0ms][http://localhost:3000/ HTTP/1.1 Mozilla/5.0 (Windows NT 6.1; Win64; x64) AppleWebKit/537.36 (KHTML, like Gecko) Chrome/68.0.3440.106 Safari/537.36]
[2019-06-24T10:04:37.648] [INFO] default - [::1 GET /public/img/icon1.png 404 1ms][http://localhost:3000/ HTTP/1.1 Mozilla/5.0 (Windows NT 6.1; Win64; x64) AppleWebKit/537.36 (KHTML, like Gecko) Chrome/68.0.3440.106 Safari/537.36]
[2019-06-24T10:04:37.651] [INFO] default - [::1 GET /public/img/icon2.png 404 3ms][http://localhost:3000/ HTTP/1.1 Mozilla/5.0 (Windows NT 6.1; Win64; x64) AppleWebKit/537.36 (KHTML, like Gecko) Chrome/68.0.3440.106 Safari/537.36]
[2019-06-24T10:05:30.997] [INFO] default - test info 1
[2019-06-24T10:05:32.729] [INFO] default - [::1 GET / 304 16ms][ HTTP/1.1 Mozilla/5.0 (Windows NT 6.1; Win64; x64) AppleWebKit/537.36 (KHTML, like Gecko) Chrome/68.0.3440.106 Safari/537.36]
[2019-06-24T10:05:32.793] [INFO] default - [::1 GET /public/css/login.css 200 36ms][http://localhost:3000/ HTTP/1.1 Mozilla/5.0 (Windows NT 6.1; Win64; x64) AppleWebKit/537.36 (KHTML, like Gecko) Chrome/68.0.3440.106 Safari/537.36]
[2019-06-24T10:05:32.796] [INFO] default - [::1 GET /public/img/icon1.png 200 38ms][http://localhost:3000/ HTTP/1.1 Mozilla/5.0 (Windows NT 6.1; Win64; x64) AppleWebKit/537.36 (KHTML, like Gecko) Chrome/68.0.3440.106 Safari/537.36]
[2019-06-24T10:05:32.798] [INFO] default - [::1 GET /public/img/icon2.png 200 38ms][http://localhost:3000/ HTTP/1.1 Mozilla/5.0 (Windows NT 6.1; Win64; x64) AppleWebKit/537.36 (KHTML, like Gecko) Chrome/68.0.3440.106 Safari/537.36]
[2019-06-24T10:05:32.920] [INFO] default - [::1 GET /public/img/bg2.jpg 200 4ms][http://localhost:3000/public/css/login.css HTTP/1.1 Mozilla/5.0 (Windows NT 6.1; Win64; x64) AppleWebKit/537.36 (KHTML, like Gecko) Chrome/68.0.3440.106 Safari/537.36]
[2019-06-24T10:05:52.525] [INFO] default - [::1 GET /public/css/login.css 304 2ms][http://localhost:3000/ HTTP/1.1 Mozilla/5.0 (Windows NT 6.1; Win64; x64) AppleWebKit/537.36 (KHTML, like Gecko) Chrome/68.0.3440.106 Safari/537.36]
[2019-06-24T10:07:13.717] [INFO] default - [::1 GET /public/img/bg2.jpg 304 1ms][http://localhost:3000/public/css/login.css HTTP/1.1 Mozilla/5.0 (Linux; Android 5.0; SM-G900P Build/LRX21T) AppleWebKit/537.36 (KHTML, like Gecko) Chrome/68.0.3440.106 Mobile Safari/537.36]
[2019-06-24T10:11:46.040] [INFO] default - [::1 GET / 304 4ms][ HTTP/1.1 Mozilla/5.0 (Linux; Android 5.0; SM-G900P Build/LRX21T) AppleWebKit/537.36 (KHTML, like Gecko) Chrome/68.0.3440.106 Mobile Safari/537.36]
[2019-06-24T10:11:46.078] [INFO] default - [::1 GET /public/img/icon1.png 304 20ms][http://localhost:3000/ HTTP/1.1 Mozilla/5.0 (Linux; Android 5.0; SM-G900P Build/LRX21T) AppleWebKit/537.36 (KHTML, like Gecko) Chrome/68.0.3440.106 Mobile Safari/537.36]
[2019-06-24T10:11:46.079] [INFO] default - [::1 GET /public/img/icon2.png 304 20ms][http://localhost:3000/ HTTP/1.1 Mozilla/5.0 (Linux; Android 5.0; SM-G900P Build/LRX21T) AppleWebKit/537.36 (KHTML, like Gecko) Chrome/68.0.3440.106 Mobile Safari/537.36]
[2019-06-24T10:11:46.082] [INFO] default - [::1 GET /public/css/login.css 200 25ms][http://localhost:3000/ HTTP/1.1 Mozilla/5.0 (Linux; Android 5.0; SM-G900P Build/LRX21T) AppleWebKit/537.36 (KHTML, like Gecko) Chrome/68.0.3440.106 Mobile Safari/537.36]
[2019-06-24T10:11:46.198] [INFO] default - [::1 GET /public/img/bg2.jpg 304 1ms][http://localhost:3000/public/css/login.css HTTP/1.1 Mozilla/5.0 (Linux; Android 5.0; SM-G900P Build/LRX21T) AppleWebKit/537.36 (KHTML, like Gecko) Chrome/68.0.3440.106 Mobile Safari/537.36]
[2019-06-24T10:12:21.059] [INFO] default - [::1 GET / 304 1ms][ HTTP/1.1 Mozilla/5.0 (Windows NT 6.1; Win64; x64) AppleWebKit/537.36 (KHTML, like Gecko) Chrome/68.0.3440.106 Safari/537.36]
[2019-06-24T10:12:21.082] [INFO] default - [::1 GET /public/img/icon1.png 304 1ms][http://localhost:3000/ HTTP/1.1 Mozilla/5.0 (Windows NT 6.1; Win64; x64) AppleWebKit/537.36 (KHTML, like Gecko) Chrome/68.0.3440.106 Safari/537.36]
[2019-06-24T10:12:21.085] [INFO] default - [::1 GET /public/css/login.css 200 5ms][http://localhost:3000/ HTTP/1.1 Mozilla/5.0 (Windows NT 6.1; Win64; x64) AppleWebKit/537.36 (KHTML, like Gecko) Chrome/68.0.3440.106 Safari/537.36]
[2019-06-24T10:12:21.086] [INFO] default - [::1 GET /public/img/icon2.png 304 1ms][http://localhost:3000/ HTTP/1.1 Mozilla/5.0 (Windows NT 6.1; Win64; x64) AppleWebKit/537.36 (KHTML, like Gecko) Chrome/68.0.3440.106 Safari/537.36]
[2019-06-24T10:12:21.174] [INFO] default - [::1 GET /public/img/bg2.jpg 304 1ms][http://localhost:3000/public/css/login.css HTTP/1.1 Mozilla/5.0 (Windows NT 6.1; Win64; x64) AppleWebKit/537.36 (KHTML, like Gecko) Chrome/68.0.3440.106 Safari/537.36]
[2019-06-24T10:12:41.761] [INFO] default - [::1 GET / 304 1ms][ HTTP/1.1 Mozilla/5.0 (Linux; Android 5.0; SM-G900P Build/LRX21T) AppleWebKit/537.36 (KHTML, like Gecko) Chrome/68.0.3440.106 Mobile Safari/537.36]
[2019-06-24T10:12:41.782] [INFO] default - [::1 GET /public/css/login.css 200 1ms][http://localhost:3000/ HTTP/1.1 Mozilla/5.0 (Linux; Android 5.0; SM-G900P Build/LRX21T) AppleWebKit/537.36 (KHTML, like Gecko) Chrome/68.0.3440.106 Mobile Safari/537.36]
[2019-06-24T10:12:41.784] [INFO] default - [::1 GET /public/img/icon1.png 304 1ms][http://localhost:3000/ HTTP/1.1 Mozilla/5.0 (Linux; Android 5.0; SM-G900P Build/LRX21T) AppleWebKit/537.36 (KHTML, like Gecko) Chrome/68.0.3440.106 Mobile Safari/537.36]
[2019-06-24T10:12:41.786] [INFO] default - [::1 GET /public/img/icon2.png 304 1ms][http://localhost:3000/ HTTP/1.1 Mozilla/5.0 (Linux; Android 5.0; SM-G900P Build/LRX21T) AppleWebKit/537.36 (KHTML, like Gecko) Chrome/68.0.3440.106 Mobile Safari/537.36]
[2019-06-24T10:12:41.912] [INFO] default - [::1 GET /public/img/bg2.jpg 304 1ms][http://localhost:3000/public/css/login.css HTTP/1.1 Mozilla/5.0 (Linux; Android 5.0; SM-G900P Build/LRX21T) AppleWebKit/537.36 (KHTML, like Gecko) Chrome/68.0.3440.106 Mobile Safari/537.36]
[2019-06-24T10:12:45.873] [INFO] default - [::1 GET / 304 1ms][ HTTP/1.1 Mozilla/5.0 (Linux; Android 8.0; Pixel 2 Build/OPD3.170816.012) AppleWebKit/537.36 (KHTML, like Gecko) Chrome/68.0.3440.106 Mobile Safari/537.36]
[2019-06-24T10:12:45.891] [INFO] default - [::1 GET /public/css/login.css 304 2ms][http://localhost:3000/ HTTP/1.1 Mozilla/5.0 (Linux; Android 8.0; Pixel 2 Build/OPD3.170816.012) AppleWebKit/537.36 (KHTML, like Gecko) Chrome/68.0.3440.106 Mobile Safari/537.36]
[2019-06-24T10:12:45.892] [INFO] default - [::1 GET /public/img/icon1.png 304 2ms][http://localhost:3000/ HTTP/1.1 Mozilla/5.0 (Linux; Android 8.0; Pixel 2 Build/OPD3.170816.012) AppleWebKit/537.36 (KHTML, like Gecko) Chrome/68.0.3440.106 Mobile Safari/537.36]
[2019-06-24T10:12:45.893] [INFO] default - [::1 GET /public/img/icon2.png 304 3ms][http://localhost:3000/ HTTP/1.1 Mozilla/5.0 (Linux; Android 8.0; Pixel 2 Build/OPD3.170816.012) AppleWebKit/537.36 (KHTML, like Gecko) Chrome/68.0.3440.106 Mobile Safari/537.36]
[2019-06-24T10:12:45.988] [INFO] default - [::1 GET /public/img/bg2.jpg 304 1ms][http://localhost:3000/public/css/login.css HTTP/1.1 Mozilla/5.0 (Linux; Android 8.0; Pixel 2 Build/OPD3.170816.012) AppleWebKit/537.36 (KHTML, like Gecko) Chrome/68.0.3440.106 Mobile Safari/537.36]
[2019-06-24T10:12:53.009] [INFO] default - [::1 GET / 304 0ms][ HTTP/1.1 Mozilla/5.0 (Linux; Android 8.0; Pixel 2 Build/OPD3.170816.012) AppleWebKit/537.36 (KHTML, like Gecko) Chrome/68.0.3440.106 Mobile Safari/537.36]
[2019-06-24T10:12:53.025] [INFO] default - [::1 GET /public/img/icon1.png 304 2ms][http://localhost:3000/ HTTP/1.1 Mozilla/5.0 (Linux; Android 8.0; Pixel 2 Build/OPD3.170816.012) AppleWebKit/537.36 (KHTML, like Gecko) Chrome/68.0.3440.106 Mobile Safari/537.36]
[2019-06-24T10:12:53.026] [INFO] default - [::1 GET /public/img/icon2.png 304 2ms][http://localhost:3000/ HTTP/1.1 Mozilla/5.0 (Linux; Android 8.0; Pixel 2 Build/OPD3.170816.012) AppleWebKit/537.36 (KHTML, like Gecko) Chrome/68.0.3440.106 Mobile Safari/537.36]
[2019-06-24T10:12:53.028] [INFO] default - [::1 GET /public/css/login.css 200 7ms][http://localhost:3000/ HTTP/1.1 Mozilla/5.0 (Linux; Android 8.0; Pixel 2 Build/OPD3.170816.012) AppleWebKit/537.36 (KHTML, like Gecko) Chrome/68.0.3440.106 Mobile Safari/537.36]
[2019-06-24T10:12:53.115] [INFO] default - [::1 GET /public/img/bg2.jpg 304 0ms][http://localhost:3000/public/css/login.css HTTP/1.1 Mozilla/5.0 (Linux; Android 8.0; Pixel 2 Build/OPD3.170816.012) AppleWebKit/537.36 (KHTML, like Gecko) Chrome/68.0.3440.106 Mobile Safari/537.36]
[2019-06-24T10:12:59.150] [INFO] default - [::1 GET /public/css/login.css 304 1ms][http://localhost:3000/ HTTP/1.1 Mozilla/5.0 (Windows NT 6.1; Win64; x64) AppleWebKit/537.36 (KHTML, like Gecko) Chrome/68.0.3440.106 Safari/537.36]
[2019-06-24T10:14:31.356] [INFO] default - [::1 GET / 304 1ms][ HTTP/1.1 Mozilla/5.0 (Linux; Android 8.0; Pixel 2 Build/OPD3.170816.012) AppleWebKit/537.36 (KHTML, like Gecko) Chrome/68.0.3440.106 Mobile Safari/537.36]
[2019-06-24T10:14:31.417] [INFO] default - [::1 GET /public/img/icon1.png 304 41ms][http://localhost:3000/ HTTP/1.1 Mozilla/5.0 (Linux; Android 8.0; Pixel 2 Build/OPD3.170816.012) AppleWebKit/537.36 (KHTML, like Gecko) Chrome/68.0.3440.106 Mobile Safari/537.36]
[2019-06-24T10:14:31.418] [INFO] default - [::1 GET /public/img/icon2.png 304 41ms][http://localhost:3000/ HTTP/1.1 Mozilla/5.0 (Linux; Android 8.0; Pixel 2 Build/OPD3.170816.012) AppleWebKit/537.36 (KHTML, like Gecko) Chrome/68.0.3440.106 Mobile Safari/537.36]
[2019-06-24T10:14:31.435] [INFO] default - [::1 GET /public/css/login.css 200 60ms][http://localhost:3000/ HTTP/1.1 Mozilla/5.0 (Linux; Android 8.0; Pixel 2 Build/OPD3.170816.012) AppleWebKit/537.36 (KHTML, like Gecko) Chrome/68.0.3440.106 Mobile Safari/537.36]
[2019-06-24T10:14:31.522] [INFO] default - [::1 GET /public/img/bg2.jpg 304 0ms][http://localhost:3000/public/css/login.css HTTP/1.1 Mozilla/5.0 (Linux; Android 8.0; Pixel 2 Build/OPD3.170816.012) AppleWebKit/537.36 (KHTML, like Gecko) Chrome/68.0.3440.106 Mobile Safari/537.36]
[2019-06-24T10:14:38.419] [INFO] default - [::1 GET /public/css/login.css 304 3ms][http://localhost:3000/ HTTP/1.1 Mozilla/5.0 (Windows NT 6.1; Win64; x64) AppleWebKit/537.36 (KHTML, like Gecko) Chrome/68.0.3440.106 Safari/537.36]
[2019-06-24T10:15:28.740] [INFO] default - test info 1
[2019-06-24T10:18:27.711] [INFO] default - test info 1
[2019-06-24T12:51:49.655] [INFO] default - test info 1
[2019-06-24T12:52:38.467] [INFO] default - [::1 GET / 200 21ms][ HTTP/1.1 Mozilla/5.0 (Windows NT 6.1; Win64; x64) AppleWebKit/537.36 (KHTML, like Gecko) Chrome/68.0.3440.106 Safari/537.36]
[2019-06-24T12:52:38.509] [INFO] default - [::1 GET /public/css/login.css 304 3ms][http://localhost:3000/ HTTP/1.1 Mozilla/5.0 (Windows NT 6.1; Win64; x64) AppleWebKit/537.36 (KHTML, like Gecko) Chrome/68.0.3440.106 Safari/537.36]
[2019-06-24T12:52:38.511] [INFO] default - [::1 GET /public/img/icon1.png 304 3ms][http://localhost:3000/ HTTP/1.1 Mozilla/5.0 (Windows NT 6.1; Win64; x64) AppleWebKit/537.36 (KHTML, like Gecko) Chrome/68.0.3440.106 Safari/537.36]
[2019-06-24T12:52:38.511] [INFO] default - [::1 GET /public/img/icon2.png 304 4ms][http://localhost:3000/ HTTP/1.1 Mozilla/5.0 (Windows NT 6.1; Win64; x64) AppleWebKit/537.36 (KHTML, like Gecko) Chrome/68.0.3440.106 Safari/537.36]
[2019-06-24T12:52:38.521] [INFO] default - [::1 GET /public/js/login.js 200 6ms][http://localhost:3000/ HTTP/1.1 Mozilla/5.0 (Windows NT 6.1; Win64; x64) AppleWebKit/537.36 (KHTML, like Gecko) Chrome/68.0.3440.106 Safari/537.36]
[2019-06-24T12:52:38.527] [INFO] default - [::1 GET /public/img/bg2.jpg 304 2ms][http://localhost:3000/public/css/login.css HTTP/1.1 Mozilla/5.0 (Windows NT 6.1; Win64; x64) AppleWebKit/537.36 (KHTML, like Gecko) Chrome/68.0.3440.106 Safari/537.36]
[2019-06-24T12:52:41.842] [INFO] default - [::1 POST /login 200 20ms][http://localhost:3000/ HTTP/1.1 Mozilla/5.0 (Windows NT 6.1; Win64; x64) AppleWebKit/537.36 (KHTML, like Gecko) Chrome/68.0.3440.106 Safari/537.36]
[2019-06-24T12:53:25.720] [INFO] default - test info 1
[2019-06-24T12:53:31.420] [INFO] default - test info 1
[2019-06-24T12:53:36.172] [INFO] default - [::1 POST /login 200 22ms][http://localhost:3000/ HTTP/1.1 Mozilla/5.0 (Windows NT 6.1; Win64; x64) AppleWebKit/537.36 (KHTML, like Gecko) Chrome/68.0.3440.106 Safari/537.36]
[2019-06-24T12:53:37.777] [INFO] default - [::1 GET / 304 9ms][ HTTP/1.1 Mozilla/5.0 (Windows NT 6.1; Win64; x64) AppleWebKit/537.36 (KHTML, like Gecko) Chrome/68.0.3440.106 Safari/537.36]
[2019-06-24T12:53:37.813] [INFO] default - [::1 GET /public/css/login.css 304 17ms][http://localhost:3000/ HTTP/1.1 Mozilla/5.0 (Windows NT 6.1; Win64; x64) AppleWebKit/537.36 (KHTML, like Gecko) Chrome/68.0.3440.106 Safari/537.36]
[2019-06-24T12:53:37.815] [INFO] default - [::1 GET /public/img/icon1.png 304 17ms][http://localhost:3000/ HTTP/1.1 Mozilla/5.0 (Windows NT 6.1; Win64; x64) AppleWebKit/537.36 (KHTML, like Gecko) Chrome/68.0.3440.106 Safari/537.36]
[2019-06-24T12:53:37.817] [INFO] default - [::1 GET /public/img/icon2.png 304 14ms][http://localhost:3000/ HTTP/1.1 Mozilla/5.0 (Windows NT 6.1; Win64; x64) AppleWebKit/537.36 (KHTML, like Gecko) Chrome/68.0.3440.106 Safari/537.36]
[2019-06-24T12:53:37.823] [INFO] default - [::1 GET /public/js/login.js 200 12ms][http://localhost:3000/ HTTP/1.1 Mozilla/5.0 (Windows NT 6.1; Win64; x64) AppleWebKit/537.36 (KHTML, like Gecko) Chrome/68.0.3440.106 Safari/537.36]
[2019-06-24T12:53:37.848] [INFO] default - [::1 GET /public/img/bg2.jpg 304 1ms][http://localhost:3000/public/css/login.css HTTP/1.1 Mozilla/5.0 (Windows NT 6.1; Win64; x64) AppleWebKit/537.36 (KHTML, like Gecko) Chrome/68.0.3440.106 Safari/537.36]
[2019-06-24T12:53:42.095] [INFO] default - [::1 POST /login 200 2ms][http://localhost:3000/ HTTP/1.1 Mozilla/5.0 (Windows NT 6.1; Win64; x64) AppleWebKit/537.36 (KHTML, like Gecko) Chrome/68.0.3440.106 Safari/537.36]
[2019-06-24T12:53:43.396] [INFO] default - [::1 POST /login 200 0ms][http://localhost:3000/ HTTP/1.1 Mozilla/5.0 (Windows NT 6.1; Win64; x64) AppleWebKit/537.36 (KHTML, like Gecko) Chrome/68.0.3440.106 Safari/537.36]
[2019-06-24T12:53:43.613] [INFO] default - [::1 POST /login 200 1ms][http://localhost:3000/ HTTP/1.1 Mozilla/5.0 (Windows NT 6.1; Win64; x64) AppleWebKit/537.36 (KHTML, like Gecko) Chrome/68.0.3440.106 Safari/537.36]
[2019-06-24T12:53:52.245] [INFO] default - [::1 POST /login 200 1ms][http://localhost:3000/ HTTP/1.1 Mozilla/5.0 (Windows NT 6.1; Win64; x64) AppleWebKit/537.36 (KHTML, like Gecko) Chrome/68.0.3440.106 Safari/537.36]
[2019-06-24T12:54:06.188] [INFO] default - test info 1
[2019-06-24T12:54:09.155] [INFO] default - [::1 POST /login 200 25ms][http://localhost:3000/ HTTP/1.1 Mozilla/5.0 (Windows NT 6.1; Win64; x64) AppleWebKit/537.36 (KHTML, like Gecko) Chrome/68.0.3440.106 Safari/537.36]
[2019-06-24T12:54:10.038] [INFO] default - [::1 POST /login 200 1ms][http://localhost:3000/ HTTP/1.1 Mozilla/5.0 (Windows NT 6.1; Win64; x64) AppleWebKit/537.36 (KHTML, like Gecko) Chrome/68.0.3440.106 Safari/537.36]
[2019-06-24T12:54:11.294] [INFO] default - [::1 GET / 304 5ms][ HTTP/1.1 Mozilla/5.0 (Windows NT 6.1; Win64; x64) AppleWebKit/537.36 (KHTML, like Gecko) Chrome/68.0.3440.106 Safari/537.36]
[2019-06-24T12:54:11.320] [INFO] default - [::1 GET /public/css/login.css 304 6ms][http://localhost:3000/ HTTP/1.1 Mozilla/5.0 (Windows NT 6.1; Win64; x64) AppleWebKit/537.36 (KHTML, like Gecko) Chrome/68.0.3440.106 Safari/537.36]
[2019-06-24T12:54:11.331] [INFO] default - [::1 GET /public/img/icon1.png 304 13ms][http://localhost:3000/ HTTP/1.1 Mozilla/5.0 (Windows NT 6.1; Win64; x64) AppleWebKit/537.36 (KHTML, like Gecko) Chrome/68.0.3440.106 Safari/537.36]
[2019-06-24T12:54:11.331] [INFO] default - [::1 GET /public/img/icon2.png 304 10ms][http://localhost:3000/ HTTP/1.1 Mozilla/5.0 (Windows NT 6.1; Win64; x64) AppleWebKit/537.36 (KHTML, like Gecko) Chrome/68.0.3440.106 Safari/537.36]
[2019-06-24T12:54:11.336] [INFO] default - [::1 GET /public/js/login.js 200 6ms][http://localhost:3000/ HTTP/1.1 Mozilla/5.0 (Windows NT 6.1; Win64; x64) AppleWebKit/537.36 (KHTML, like Gecko) Chrome/68.0.3440.106 Safari/537.36]
[2019-06-24T12:54:11.350] [INFO] default - [::1 GET /public/img/bg2.jpg 304 0ms][http://localhost:3000/public/css/login.css HTTP/1.1 Mozilla/5.0 (Windows NT 6.1; Win64; x64) AppleWebKit/537.36 (KHTML, like Gecko) Chrome/68.0.3440.106 Safari/537.36]
[2019-06-24T12:54:15.471] [INFO] default - [::1 POST /login 200 2ms][http://localhost:3000/ HTTP/1.1 Mozilla/5.0 (Windows NT 6.1; Win64; x64) AppleWebKit/537.36 (KHTML, like Gecko) Chrome/68.0.3440.106 Safari/537.36]
[2019-06-24T12:54:40.606] [INFO] default - [::1 POST /login 200 3ms][http://localhost:3000/ HTTP/1.1 Mozilla/5.0 (Windows NT 6.1; Win64; x64) AppleWebKit/537.36 (KHTML, like Gecko) Chrome/68.0.3440.106 Safari/537.36]
[2019-06-24T12:54:41.139] [INFO] default - [::1 POST /login 200 1ms][http://localhost:3000/ HTTP/1.1 Mozilla/5.0 (Windows NT 6.1; Win64; x64) AppleWebKit/537.36 (KHTML, like Gecko) Chrome/68.0.3440.106 Safari/537.36]
[2019-06-24T12:54:41.339] [INFO] default - [::1 POST /login 200 0ms][http://localhost:3000/ HTTP/1.1 Mozilla/5.0 (Windows NT 6.1; Win64; x64) AppleWebKit/537.36 (KHTML, like Gecko) Chrome/68.0.3440.106 Safari/537.36]
[2019-06-24T12:54:41.515] [INFO] default - [::1 POST /login 200 0ms][http://localhost:3000/ HTTP/1.1 Mozilla/5.0 (Windows NT 6.1; Win64; x64) AppleWebKit/537.36 (KHTML, like Gecko) Chrome/68.0.3440.106 Safari/537.36]
[2019-06-24T12:54:41.715] [INFO] default - [::1 POST /login 200 1ms][http://localhost:3000/ HTTP/1.1 Mozilla/5.0 (Windows NT 6.1; Win64; x64) AppleWebKit/537.36 (KHTML, like Gecko) Chrome/68.0.3440.106 Safari/537.36]
[2019-06-24T12:54:41.907] [INFO] default - [::1 POST /login 200 1ms][http://localhost:3000/ HTTP/1.1 Mozilla/5.0 (Windows NT 6.1; Win64; x64) AppleWebKit/537.36 (KHTML, like Gecko) Chrome/68.0.3440.106 Safari/537.36]
[2019-06-24T12:54:42.084] [INFO] default - [::1 POST /login 200 1ms][http://localhost:3000/ HTTP/1.1 Mozilla/5.0 (Windows NT 6.1; Win64; x64) AppleWebKit/537.36 (KHTML, like Gecko) Chrome/68.0.3440.106 Safari/537.36]
[2019-06-24T12:54:45.028] [INFO] default - [::1 POST /login 200 1ms][http://localhost:3000/ HTTP/1.1 Mozilla/5.0 (Windows NT 6.1; Win64; x64) AppleWebKit/537.36 (KHTML, like Gecko) Chrome/68.0.3440.106 Safari/537.36]
[2019-06-24T12:54:45.219] [INFO] default - [::1 POST /login 200 0ms][http://localhost:3000/ HTTP/1.1 Mozilla/5.0 (Windows NT 6.1; Win64; x64) AppleWebKit/537.36 (KHTML, like Gecko) Chrome/68.0.3440.106 Safari/537.36]
[2019-06-24T12:55:07.791] [INFO] default - test info 1
[2019-06-24T12:55:11.361] [INFO] default - [::1 GET / 304 11ms][ HTTP/1.1 Mozilla/5.0 (Windows NT 6.1; Win64; x64) AppleWebKit/537.36 (KHTML, like Gecko) Chrome/68.0.3440.106 Safari/537.36]
[2019-06-24T12:55:11.385] [INFO] default - [::1 GET /public/css/login.css 304 6ms][http://localhost:3000/ HTTP/1.1 Mozilla/5.0 (Windows NT 6.1; Win64; x64) AppleWebKit/537.36 (KHTML, like Gecko) Chrome/68.0.3440.106 Safari/537.36]
[2019-06-24T12:55:11.387] [INFO] default - [::1 GET /public/img/icon1.png 304 4ms][http://localhost:3000/ HTTP/1.1 Mozilla/5.0 (Windows NT 6.1; Win64; x64) AppleWebKit/537.36 (KHTML, like Gecko) Chrome/68.0.3440.106 Safari/537.36]
[2019-06-24T12:55:11.388] [INFO] default - [::1 GET /public/img/icon2.png 304 2ms][http://localhost:3000/ HTTP/1.1 Mozilla/5.0 (Windows NT 6.1; Win64; x64) AppleWebKit/537.36 (KHTML, like Gecko) Chrome/68.0.3440.106 Safari/537.36]
[2019-06-24T12:55:11.406] [INFO] default - [::1 GET /public/js/login.js 200 6ms][http://localhost:3000/ HTTP/1.1 Mozilla/5.0 (Windows NT 6.1; Win64; x64) AppleWebKit/537.36 (KHTML, like Gecko) Chrome/68.0.3440.106 Safari/537.36]
[2019-06-24T12:55:11.415] [INFO] default - [::1 GET /public/img/bg2.jpg 304 2ms][http://localhost:3000/public/css/login.css HTTP/1.1 Mozilla/5.0 (Windows NT 6.1; Win64; x64) AppleWebKit/537.36 (KHTML, like Gecko) Chrome/68.0.3440.106 Safari/537.36]
[2019-06-24T12:55:15.756] [INFO] default - [::1 GET / 200 2ms][ HTTP/1.1 Mozilla/5.0 (Windows NT 6.1; Win64; x64) AppleWebKit/537.36 (KHTML, like Gecko) Chrome/68.0.3440.106 Safari/537.36]
[2019-06-24T12:55:15.782] [INFO] default - [::1 GET /public/css/login.css 200 4ms][http://localhost:3000/ HTTP/1.1 Mozilla/5.0 (Windows NT 6.1; Win64; x64) AppleWebKit/537.36 (KHTML, like Gecko) Chrome/68.0.3440.106 Safari/537.36]
[2019-06-24T12:55:15.783] [INFO] default - [::1 GET /public/img/icon2.png 200 4ms][http://localhost:3000/ HTTP/1.1 Mozilla/5.0 (Windows NT 6.1; Win64; x64) AppleWebKit/537.36 (KHTML, like Gecko) Chrome/68.0.3440.106 Safari/537.36]
[2019-06-24T12:55:15.784] [INFO] default - [::1 GET /public/img/icon1.png 200 6ms][http://localhost:3000/ HTTP/1.1 Mozilla/5.0 (Windows NT 6.1; Win64; x64) AppleWebKit/537.36 (KHTML, like Gecko) Chrome/68.0.3440.106 Safari/537.36]
[2019-06-24T12:55:15.807] [INFO] default - [::1 GET /public/js/login.js 200 9ms][http://localhost:3000/ HTTP/1.1 Mozilla/5.0 (Windows NT 6.1; Win64; x64) AppleWebKit/537.36 (KHTML, like Gecko) Chrome/68.0.3440.106 Safari/537.36]
[2019-06-24T12:55:15.818] [INFO] default - [::1 GET /public/img/bg2.jpg 200 13ms][http://localhost:3000/public/css/login.css HTTP/1.1 Mozilla/5.0 (Windows NT 6.1; Win64; x64) AppleWebKit/537.36 (KHTML, like Gecko) Chrome/68.0.3440.106 Safari/537.36]
[2019-06-24T12:55:18.720] [INFO] default - [::1 POST /login 200 18ms][http://localhost:3000/ HTTP/1.1 Mozilla/5.0 (Windows NT 6.1; Win64; x64) AppleWebKit/537.36 (KHTML, like Gecko) Chrome/68.0.3440.106 Safari/537.36]
[2019-06-24T12:55:28.638] [INFO] default - test info 1
[2019-06-24T12:55:30.261] [INFO] default - [::1 GET / 304 11ms][ HTTP/1.1 Mozilla/5.0 (Windows NT 6.1; Win64; x64) AppleWebKit/537.36 (KHTML, like Gecko) Chrome/68.0.3440.106 Safari/537.36]
[2019-06-24T12:55:30.278] [INFO] default - [::1 GET /public/css/login.css 304 2ms][http://localhost:3000/ HTTP/1.1 Mozilla/5.0 (Windows NT 6.1; Win64; x64) AppleWebKit/537.36 (KHTML, like Gecko) Chrome/68.0.3440.106 Safari/537.36]
[2019-06-24T12:55:30.282] [INFO] default - [::1 GET /public/img/icon1.png 304 1ms][http://localhost:3000/ HTTP/1.1 Mozilla/5.0 (Windows NT 6.1; Win64; x64) AppleWebKit/537.36 (KHTML, like Gecko) Chrome/68.0.3440.106 Safari/537.36]
[2019-06-24T12:55:30.283] [INFO] default - [::1 GET /public/img/icon2.png 304 3ms][http://localhost:3000/ HTTP/1.1 Mozilla/5.0 (Windows NT 6.1; Win64; x64) AppleWebKit/537.36 (KHTML, like Gecko) Chrome/68.0.3440.106 Safari/537.36]
[2019-06-24T12:55:30.299] [INFO] default - [::1 GET /public/js/login.js 200 7ms][http://localhost:3000/ HTTP/1.1 Mozilla/5.0 (Windows NT 6.1; Win64; x64) AppleWebKit/537.36 (KHTML, like Gecko) Chrome/68.0.3440.106 Safari/537.36]
[2019-06-24T12:55:30.311] [INFO] default - [::1 GET /public/img/bg2.jpg 304 1ms][http://localhost:3000/public/css/login.css HTTP/1.1 Mozilla/5.0 (Windows NT 6.1; Win64; x64) AppleWebKit/537.36 (KHTML, like Gecko) Chrome/68.0.3440.106 Safari/537.36]
[2019-06-24T12:55:32.914] [INFO] default - [::1 POST /login 200 26ms][http://localhost:3000/ HTTP/1.1 Mozilla/5.0 (Windows NT 6.1; Win64; x64) AppleWebKit/537.36 (KHTML, like Gecko) Chrome/68.0.3440.106 Safari/537.36]
[2019-06-24T12:55:39.694] [INFO] default - [::1 GET / 200 11ms][ HTTP/1.1 Mozilla/5.0 (Windows NT 6.1; Win64; x64) AppleWebKit/537.36 (KHTML, like Gecko) Chrome/68.0.3440.106 Safari/537.36]
[2019-06-24T12:55:39.750] [INFO] default - [::1 GET /public/img/icon1.png 200 3ms][http://localhost:3000/ HTTP/1.1 Mozilla/5.0 (Windows NT 6.1; Win64; x64) AppleWebKit/537.36 (KHTML, like Gecko) Chrome/68.0.3440.106 Safari/537.36]
[2019-06-24T12:55:39.751] [INFO] default - [::1 GET /public/img/icon2.png 200 4ms][http://localhost:3000/ HTTP/1.1 Mozilla/5.0 (Windows NT 6.1; Win64; x64) AppleWebKit/537.36 (KHTML, like Gecko) Chrome/68.0.3440.106 Safari/537.36]
[2019-06-24T12:55:39.752] [INFO] default - [::1 GET /public/css/login.css 200 5ms][http://localhost:3000/ HTTP/1.1 Mozilla/5.0 (Windows NT 6.1; Win64; x64) AppleWebKit/537.36 (KHTML, like Gecko) Chrome/68.0.3440.106 Safari/537.36]
[2019-06-24T12:55:39.756] [INFO] default - [::1 GET /public/js/login.js 200 7ms][http://localhost:3000/ HTTP/1.1 Mozilla/5.0 (Windows NT 6.1; Win64; x64) AppleWebKit/537.36 (KHTML, like Gecko) Chrome/68.0.3440.106 Safari/537.36]
[2019-06-24T12:55:39.781] [INFO] default - [::1 GET /public/img/bg2.jpg 200 3ms][http://localhost:3000/public/css/login.css HTTP/1.1 Mozilla/5.0 (Windows NT 6.1; Win64; x64) AppleWebKit/537.36 (KHTML, like Gecko) Chrome/68.0.3440.106 Safari/537.36]
[2019-06-24T12:55:42.896] [INFO] default - [::1 POST /login 200 3ms][http://localhost:3000/ HTTP/1.1 Mozilla/5.0 (Windows NT 6.1; Win64; x64) AppleWebKit/537.36 (KHTML, like Gecko) Chrome/68.0.3440.106 Safari/537.36]
[2019-06-24T12:55:45.044] [INFO] default - [::1 POST /login 200 1ms][http://localhost:3000/ HTTP/1.1 Mozilla/5.0 (Windows NT 6.1; Win64; x64) AppleWebKit/537.36 (KHTML, like Gecko) Chrome/68.0.3440.106 Safari/537.36]
[2019-06-24T12:55:45.299] [INFO] default - [::1 POST /login 200 1ms][http://localhost:3000/ HTTP/1.1 Mozilla/5.0 (Windows NT 6.1; Win64; x64) AppleWebKit/537.36 (KHTML, like Gecko) Chrome/68.0.3440.106 Safari/537.36]
[2019-06-24T12:55:45.539] [INFO] default - [::1 POST /login 200 0ms][http://localhost:3000/ HTTP/1.1 Mozilla/5.0 (Windows NT 6.1; Win64; x64) AppleWebKit/537.36 (KHTML, like Gecko) Chrome/68.0.3440.106 Safari/537.36]
[2019-06-24T12:56:02.882] [INFO] default - test info 1
[2019-06-24T12:56:04.637] [INFO] default - [::1 GET / 304 12ms][ HTTP/1.1 Mozilla/5.0 (Windows NT 6.1; Win64; x64) AppleWebKit/537.36 (KHTML, like Gecko) Chrome/68.0.3440.106 Safari/537.36]
[2019-06-24T12:56:04.675] [INFO] default - [::1 GET /public/css/login.css 304 12ms][http://localhost:3000/ HTTP/1.1 Mozilla/5.0 (Windows NT 6.1; Win64; x64) AppleWebKit/537.36 (KHTML, like Gecko) Chrome/68.0.3440.106 Safari/537.36]
[2019-06-24T12:56:04.677] [INFO] default - [::1 GET /public/img/icon1.png 304 12ms][http://localhost:3000/ HTTP/1.1 Mozilla/5.0 (Windows NT 6.1; Win64; x64) AppleWebKit/537.36 (KHTML, like Gecko) Chrome/68.0.3440.106 Safari/537.36]
[2019-06-24T12:56:04.677] [INFO] default - [::1 GET /public/img/icon2.png 304 12ms][http://localhost:3000/ HTTP/1.1 Mozilla/5.0 (Windows NT 6.1; Win64; x64) AppleWebKit/537.36 (KHTML, like Gecko) Chrome/68.0.3440.106 Safari/537.36]
[2019-06-24T12:56:04.683] [INFO] default - [::1 GET /public/js/login.js 200 12ms][http://localhost:3000/ HTTP/1.1 Mozilla/5.0 (Windows NT 6.1; Win64; x64) AppleWebKit/537.36 (KHTML, like Gecko) Chrome/68.0.3440.106 Safari/537.36]
[2019-06-24T12:56:04.712] [INFO] default - [::1 GET /public/img/bg2.jpg 304 1ms][http://localhost:3000/public/css/login.css HTTP/1.1 Mozilla/5.0 (Windows NT 6.1; Win64; x64) AppleWebKit/537.36 (KHTML, like Gecko) Chrome/68.0.3440.106 Safari/537.36]
[2019-06-24T12:56:12.333] [INFO] default - test info 1
[2019-06-24T12:56:13.899] [INFO] default - [::1 GET / 304 10ms][ HTTP/1.1 Mozilla/5.0 (Windows NT 6.1; Win64; x64) AppleWebKit/537.36 (KHTML, like Gecko) Chrome/68.0.3440.106 Safari/537.36]
[2019-06-24T12:56:13.916] [INFO] default - [::1 GET /public/css/login.css 304 4ms][http://localhost:3000/ HTTP/1.1 Mozilla/5.0 (Windows NT 6.1; Win64; x64) AppleWebKit/537.36 (KHTML, like Gecko) Chrome/68.0.3440.106 Safari/537.36]
[2019-06-24T12:56:13.918] [INFO] default - [::1 GET /public/img/icon1.png 304 4ms][http://localhost:3000/ HTTP/1.1 Mozilla/5.0 (Windows NT 6.1; Win64; x64) AppleWebKit/537.36 (KHTML, like Gecko) Chrome/68.0.3440.106 Safari/537.36]
[2019-06-24T12:56:13.921] [INFO] default - [::1 GET /public/img/icon2.png 304 2ms][http://localhost:3000/ HTTP/1.1 Mozilla/5.0 (Windows NT 6.1; Win64; x64) AppleWebKit/537.36 (KHTML, like Gecko) Chrome/68.0.3440.106 Safari/537.36]
[2019-06-24T12:56:13.941] [INFO] default - [::1 GET /public/js/login.js 200 11ms][http://localhost:3000/ HTTP/1.1 Mozilla/5.0 (Windows NT 6.1; Win64; x64) AppleWebKit/537.36 (KHTML, like Gecko) Chrome/68.0.3440.106 Safari/537.36]
[2019-06-24T12:56:13.947] [INFO] default - [::1 GET /public/img/bg2.jpg 304 1ms][http://localhost:3000/public/css/login.css HTTP/1.1 Mozilla/5.0 (Windows NT 6.1; Win64; x64) AppleWebKit/537.36 (KHTML, like Gecko) Chrome/68.0.3440.106 Safari/537.36]
[2019-06-24T12:56:22.381] [INFO] default - [::1 POST /login 200 16ms][http://localhost:3000/ HTTP/1.1 Mozilla/5.0 (Windows NT 6.1; Win64; x64) AppleWebKit/537.36 (KHTML, like Gecko) Chrome/68.0.3440.106 Safari/537.36]
[2019-06-24T12:56:23.028] [INFO] default - [::1 POST /login 200 1ms][http://localhost:3000/ HTTP/1.1 Mozilla/5.0 (Windows NT 6.1; Win64; x64) AppleWebKit/537.36 (KHTML, like Gecko) Chrome/68.0.3440.106 Safari/537.36]
[2019-06-24T12:56:25.310] [INFO] default - [::1 POST /login 200 1ms][http://localhost:3000/ HTTP/1.1 Mozilla/5.0 (Windows NT 6.1; Win64; x64) AppleWebKit/537.36 (KHTML, like Gecko) Chrome/68.0.3440.106 Safari/537.36]
[2019-06-24T12:56:25.579] [INFO] default - [::1 POST /login 200 1ms][http://localhost:3000/ HTTP/1.1 Mozilla/5.0 (Windows NT 6.1; Win64; x64) AppleWebKit/537.36 (KHTML, like Gecko) Chrome/68.0.3440.106 Safari/537.36]
[2019-06-24T12:56:25.810] [INFO] default - [::1 POST /login 200 0ms][http://localhost:3000/ HTTP/1.1 Mozilla/5.0 (Windows NT 6.1; Win64; x64) AppleWebKit/537.36 (KHTML, like Gecko) Chrome/68.0.3440.106 Safari/537.36]
[2019-06-24T12:56:25.998] [INFO] default - [::1 POST /login 200 2ms][http://localhost:3000/ HTTP/1.1 Mozilla/5.0 (Windows NT 6.1; Win64; x64) AppleWebKit/537.36 (KHTML, like Gecko) Chrome/68.0.3440.106 Safari/537.36]
[2019-06-24T12:56:26.180] [INFO] default - [::1 POST /login 200 1ms][http://localhost:3000/ HTTP/1.1 Mozilla/5.0 (Windows NT 6.1; Win64; x64) AppleWebKit/537.36 (KHTML, like Gecko) Chrome/68.0.3440.106 Safari/537.36]
[2019-06-24T12:57:01.736] [INFO] default - test info 1
[2019-06-24T12:57:03.112] [INFO] default - [::1 GET / 304 13ms][ HTTP/1.1 Mozilla/5.0 (Windows NT 6.1; Win64; x64) AppleWebKit/537.36 (KHTML, like Gecko) Chrome/68.0.3440.106 Safari/537.36]
[2019-06-24T12:57:03.140] [INFO] default - [::1 GET /public/css/login.css 304 4ms][http://localhost:3000/ HTTP/1.1 Mozilla/5.0 (Windows NT 6.1; Win64; x64) AppleWebKit/537.36 (KHTML, like Gecko) Chrome/68.0.3440.106 Safari/537.36]
[2019-06-24T12:57:03.142] [INFO] default - [::1 GET /public/img/icon1.png 304 4ms][http://localhost:3000/ HTTP/1.1 Mozilla/5.0 (Windows NT 6.1; Win64; x64) AppleWebKit/537.36 (KHTML, like Gecko) Chrome/68.0.3440.106 Safari/537.36]
[2019-06-24T12:57:03.145] [INFO] default - [::1 GET /public/img/icon2.png 304 1ms][http://localhost:3000/ HTTP/1.1 Mozilla/5.0 (Windows NT 6.1; Win64; x64) AppleWebKit/537.36 (KHTML, like Gecko) Chrome/68.0.3440.106 Safari/537.36]
[2019-06-24T12:57:03.170] [INFO] default - [::1 GET /public/js/login.js 200 13ms][http://localhost:3000/ HTTP/1.1 Mozilla/5.0 (Windows NT 6.1; Win64; x64) AppleWebKit/537.36 (KHTML, like Gecko) Chrome/68.0.3440.106 Safari/537.36]
[2019-06-24T12:57:03.178] [INFO] default - [::1 GET /public/img/bg2.jpg 304 1ms][http://localhost:3000/public/css/login.css HTTP/1.1 Mozilla/5.0 (Windows NT 6.1; Win64; x64) AppleWebKit/537.36 (KHTML, like Gecko) Chrome/68.0.3440.106 Safari/537.36]
[2019-06-24T12:57:22.957] [INFO] default - test info 1
[2019-06-24T12:57:24.357] [INFO] default - [::1 GET / 304 14ms][ HTTP/1.1 Mozilla/5.0 (Windows NT 6.1; Win64; x64) AppleWebKit/537.36 (KHTML, like Gecko) Chrome/68.0.3440.106 Safari/537.36]
[2019-06-24T12:57:24.384] [INFO] default - [::1 GET /public/css/login.css 304 4ms][http://localhost:3000/ HTTP/1.1 Mozilla/5.0 (Windows NT 6.1; Win64; x64) AppleWebKit/537.36 (KHTML, like Gecko) Chrome/68.0.3440.106 Safari/537.36]
[2019-06-24T12:57:24.385] [INFO] default - [::1 GET /public/img/icon1.png 304 4ms][http://localhost:3000/ HTTP/1.1 Mozilla/5.0 (Windows NT 6.1; Win64; x64) AppleWebKit/537.36 (KHTML, like Gecko) Chrome/68.0.3440.106 Safari/537.36]
[2019-06-24T12:57:24.387] [INFO] default - [::1 GET /public/img/icon2.png 304 4ms][http://localhost:3000/ HTTP/1.1 Mozilla/5.0 (Windows NT 6.1; Win64; x64) AppleWebKit/537.36 (KHTML, like Gecko) Chrome/68.0.3440.106 Safari/537.36]
[2019-06-24T12:57:24.395] [INFO] default - [::1 GET /public/js/login.js 200 7ms][http://localhost:3000/ HTTP/1.1 Mozilla/5.0 (Windows NT 6.1; Win64; x64) AppleWebKit/537.36 (KHTML, like Gecko) Chrome/68.0.3440.106 Safari/537.36]
[2019-06-24T12:57:24.410] [INFO] default - [::1 GET /public/img/bg2.jpg 304 3ms][http://localhost:3000/public/css/login.css HTTP/1.1 Mozilla/5.0 (Windows NT 6.1; Win64; x64) AppleWebKit/537.36 (KHTML, like Gecko) Chrome/68.0.3440.106 Safari/537.36]
[2019-06-24T12:57:27.947] [INFO] default - [::1 POST /login 200 15ms][http://localhost:3000/ HTTP/1.1 Mozilla/5.0 (Windows NT 6.1; Win64; x64) AppleWebKit/537.36 (KHTML, like Gecko) Chrome/68.0.3440.106 Safari/537.36]
[2019-06-24T12:57:30.476] [INFO] default - [::1 POST /login 200 1ms][http://localhost:3000/ HTTP/1.1 Mozilla/5.0 (Windows NT 6.1; Win64; x64) AppleWebKit/537.36 (KHTML, like Gecko) Chrome/68.0.3440.106 Safari/537.36]
[2019-06-24T12:57:30.930] [INFO] default - [::1 POST /login 200 1ms][http://localhost:3000/ HTTP/1.1 Mozilla/5.0 (Windows NT 6.1; Win64; x64) AppleWebKit/537.36 (KHTML, like Gecko) Chrome/68.0.3440.106 Safari/537.36]
[2019-06-24T12:57:31.155] [INFO] default - [::1 POST /login 200 1ms][http://localhost:3000/ HTTP/1.1 Mozilla/5.0 (Windows NT 6.1; Win64; x64) AppleWebKit/537.36 (KHTML, like Gecko) Chrome/68.0.3440.106 Safari/537.36]
[2019-06-24T12:57:31.346] [INFO] default - [::1 POST /login 200 1ms][http://localhost:3000/ HTTP/1.1 Mozilla/5.0 (Windows NT 6.1; Win64; x64) AppleWebKit/537.36 (KHTML, like Gecko) Chrome/68.0.3440.106 Safari/537.36]
[2019-06-24T12:57:31.524] [INFO] default - [::1 POST /login 200 1ms][http://localhost:3000/ HTTP/1.1 Mozilla/5.0 (Windows NT 6.1; Win64; x64) AppleWebKit/537.36 (KHTML, like Gecko) Chrome/68.0.3440.106 Safari/537.36]
[2019-06-24T13:08:04.693] [INFO] default - test info 1
[2019-06-24T13:17:08.281] [INFO] default - [::1 POST /login 200 23ms][http://localhost:3000/ HTTP/1.1 Mozilla/5.0 (Windows NT 6.1; Win64; x64) AppleWebKit/537.36 (KHTML, like Gecko) Chrome/68.0.3440.106 Safari/537.36]
[2019-06-24T13:17:37.485] [INFO] default - test info 1
[2019-06-24T13:17:39.339] [INFO] default - [::1 GET / 304 11ms][ HTTP/1.1 Mozilla/5.0 (Windows NT 6.1; Win64; x64) AppleWebKit/537.36 (KHTML, like Gecko) Chrome/68.0.3440.106 Safari/537.36]
[2019-06-24T13:17:39.356] [INFO] default - [::1 GET /public/css/login.css 304 3ms][http://localhost:3000/ HTTP/1.1 Mozilla/5.0 (Windows NT 6.1; Win64; x64) AppleWebKit/537.36 (KHTML, like Gecko) Chrome/68.0.3440.106 Safari/537.36]
[2019-06-24T13:17:39.359] [INFO] default - [::1 GET /public/img/icon1.png 304 2ms][http://localhost:3000/ HTTP/1.1 Mozilla/5.0 (Windows NT 6.1; Win64; x64) AppleWebKit/537.36 (KHTML, like Gecko) Chrome/68.0.3440.106 Safari/537.36]
[2019-06-24T13:17:39.360] [INFO] default - [::1 GET /public/img/icon2.png 304 2ms][http://localhost:3000/ HTTP/1.1 Mozilla/5.0 (Windows NT 6.1; Win64; x64) AppleWebKit/537.36 (KHTML, like Gecko) Chrome/68.0.3440.106 Safari/537.36]
[2019-06-24T13:17:39.372] [INFO] default - [::1 GET /public/js/login.js 200 9ms][http://localhost:3000/ HTTP/1.1 Mozilla/5.0 (Windows NT 6.1; Win64; x64) AppleWebKit/537.36 (KHTML, like Gecko) Chrome/68.0.3440.106 Safari/537.36]
[2019-06-24T13:17:39.386] [INFO] default - [::1 GET /public/img/bg2.jpg 304 3ms][http://localhost:3000/public/css/login.css HTTP/1.1 Mozilla/5.0 (Windows NT 6.1; Win64; x64) AppleWebKit/537.36 (KHTML, like Gecko) Chrome/68.0.3440.106 Safari/537.36]
[2019-06-24T13:18:23.269] [INFO] default - test info 1
[2019-06-24T13:18:26.937] [INFO] default - [::1 GET / 304 9ms][ HTTP/1.1 Mozilla/5.0 (Windows NT 6.1; Win64; x64) AppleWebKit/537.36 (KHTML, like Gecko) Chrome/68.0.3440.106 Safari/537.36]
[2019-06-24T13:18:26.955] [INFO] default - [::1 GET /public/css/login.css 304 4ms][http://localhost:3000/ HTTP/1.1 Mozilla/5.0 (Windows NT 6.1; Win64; x64) AppleWebKit/537.36 (KHTML, like Gecko) Chrome/68.0.3440.106 Safari/537.36]
[2019-06-24T13:18:26.957] [INFO] default - [::1 GET /public/img/icon1.png 304 4ms][http://localhost:3000/ HTTP/1.1 Mozilla/5.0 (Windows NT 6.1; Win64; x64) AppleWebKit/537.36 (KHTML, like Gecko) Chrome/68.0.3440.106 Safari/537.36]
[2019-06-24T13:18:26.959] [INFO] default - [::1 GET /public/img/icon2.png 304 2ms][http://localhost:3000/ HTTP/1.1 Mozilla/5.0 (Windows NT 6.1; Win64; x64) AppleWebKit/537.36 (KHTML, like Gecko) Chrome/68.0.3440.106 Safari/537.36]
[2019-06-24T13:18:26.974] [INFO] default - [::1 GET /public/js/login.js 200 7ms][http://localhost:3000/ HTTP/1.1 Mozilla/5.0 (Windows NT 6.1; Win64; x64) AppleWebKit/537.36 (KHTML, like Gecko) Chrome/68.0.3440.106 Safari/537.36]
[2019-06-24T13:18:26.989] [INFO] default - [::1 GET /public/img/bg2.jpg 304 1ms][http://localhost:3000/public/css/login.css HTTP/1.1 Mozilla/5.0 (Windows NT 6.1; Win64; x64) AppleWebKit/537.36 (KHTML, like Gecko) Chrome/68.0.3440.106 Safari/537.36]
[2019-06-24T13:24:17.574] [INFO] default - test info 1
[2019-06-24T13:33:36.800] [INFO] default - [::1 GET / 304 9ms][ HTTP/1.1 Mozilla/5.0 (Windows NT 6.1; Win64; x64) AppleWebKit/537.36 (KHTML, like Gecko) Chrome/68.0.3440.106 Safari/537.36]
[2019-06-24T13:33:36.820] [INFO] default - [::1 GET /public/css/login.css 304 5ms][http://localhost:3000/ HTTP/1.1 Mozilla/5.0 (Windows NT 6.1; Win64; x64) AppleWebKit/537.36 (KHTML, like Gecko) Chrome/68.0.3440.106 Safari/537.36]
[2019-06-24T13:33:36.821] [INFO] default - [::1 GET /public/img/icon2.png 304 4ms][http://localhost:3000/ HTTP/1.1 Mozilla/5.0 (Windows NT 6.1; Win64; x64) AppleWebKit/537.36 (KHTML, like Gecko) Chrome/68.0.3440.106 Safari/537.36]
[2019-06-24T13:33:36.822] [INFO] default - [::1 GET /public/img/icon1.png 304 5ms][http://localhost:3000/ HTTP/1.1 Mozilla/5.0 (Windows NT 6.1; Win64; x64) AppleWebKit/537.36 (KHTML, like Gecko) Chrome/68.0.3440.106 Safari/537.36]
[2019-06-24T13:33:36.849] [INFO] default - [::1 GET /public/js/login.js 200 17ms][http://localhost:3000/ HTTP/1.1 Mozilla/5.0 (Windows NT 6.1; Win64; x64) AppleWebKit/537.36 (KHTML, like Gecko) Chrome/68.0.3440.106 Safari/537.36]
[2019-06-24T13:33:36.859] [INFO] default - [::1 GET /public/img/bg2.jpg 304 1ms][http://localhost:3000/public/css/login.css HTTP/1.1 Mozilla/5.0 (Windows NT 6.1; Win64; x64) AppleWebKit/537.36 (KHTML, like Gecko) Chrome/68.0.3440.106 Safari/537.36]
[2019-06-24T13:33:37.671] [INFO] default - [::1 GET / 304 1ms][ HTTP/1.1 Mozilla/5.0 (Windows NT 6.1; Win64; x64) AppleWebKit/537.36 (KHTML, like Gecko) Chrome/68.0.3440.106 Safari/537.36]
[2019-06-24T13:33:37.687] [INFO] default - [::1 GET /public/css/login.css 304 3ms][http://localhost:3000/ HTTP/1.1 Mozilla/5.0 (Windows NT 6.1; Win64; x64) AppleWebKit/537.36 (KHTML, like Gecko) Chrome/68.0.3440.106 Safari/537.36]
[2019-06-24T13:33:37.688] [INFO] default - [::1 GET /public/img/icon1.png 304 2ms][http://localhost:3000/ HTTP/1.1 Mozilla/5.0 (Windows NT 6.1; Win64; x64) AppleWebKit/537.36 (KHTML, like Gecko) Chrome/68.0.3440.106 Safari/537.36]
[2019-06-24T13:33:37.689] [INFO] default - [::1 GET /public/img/icon2.png 304 2ms][http://localhost:3000/ HTTP/1.1 Mozilla/5.0 (Windows NT 6.1; Win64; x64) AppleWebKit/537.36 (KHTML, like Gecko) Chrome/68.0.3440.106 Safari/537.36]
[2019-06-24T13:33:37.718] [INFO] default - [::1 GET /public/js/login.js 304 3ms][http://localhost:3000/ HTTP/1.1 Mozilla/5.0 (Windows NT 6.1; Win64; x64) AppleWebKit/537.36 (KHTML, like Gecko) Chrome/68.0.3440.106 Safari/537.36]
[2019-06-24T13:33:37.735] [INFO] default - [::1 GET /public/img/bg2.jpg 304 2ms][http://localhost:3000/public/css/login.css HTTP/1.1 Mozilla/5.0 (Windows NT 6.1; Win64; x64) AppleWebKit/537.36 (KHTML, like Gecko) Chrome/68.0.3440.106 Safari/537.36]
[2019-06-24T13:33:48.246] [INFO] default - test info 1
[2019-06-24T13:33:50.346] [INFO] default - [::1 GET / 304 10ms][ HTTP/1.1 Mozilla/5.0 (Windows NT 6.1; Win64; x64) AppleWebKit/537.36 (KHTML, like Gecko) Chrome/68.0.3440.106 Safari/537.36]
[2019-06-24T13:33:50.365] [INFO] default - [::1 GET /public/css/login.css 304 4ms][http://localhost:3000/ HTTP/1.1 Mozilla/5.0 (Windows NT 6.1; Win64; x64) AppleWebKit/537.36 (KHTML, like Gecko) Chrome/68.0.3440.106 Safari/537.36]
[2019-06-24T13:33:50.367] [INFO] default - [::1 GET /public/img/icon1.png 304 5ms][http://localhost:3000/ HTTP/1.1 Mozilla/5.0 (Windows NT 6.1; Win64; x64) AppleWebKit/537.36 (KHTML, like Gecko) Chrome/68.0.3440.106 Safari/537.36]
[2019-06-24T13:33:50.369] [INFO] default - [::1 GET /public/img/icon2.png 304 6ms][http://localhost:3000/ HTTP/1.1 Mozilla/5.0 (Windows NT 6.1; Win64; x64) AppleWebKit/537.36 (KHTML, like Gecko) Chrome/68.0.3440.106 Safari/537.36]
[2019-06-24T13:33:50.395] [INFO] default - [::1 GET /public/js/login.js 200 16ms][http://localhost:3000/ HTTP/1.1 Mozilla/5.0 (Windows NT 6.1; Win64; x64) AppleWebKit/537.36 (KHTML, like Gecko) Chrome/68.0.3440.106 Safari/537.36]
[2019-06-24T13:33:50.401] [INFO] default - [::1 GET /public/img/bg2.jpg 304 0ms][http://localhost:3000/public/css/login.css HTTP/1.1 Mozilla/5.0 (Windows NT 6.1; Win64; x64) AppleWebKit/537.36 (KHTML, like Gecko) Chrome/68.0.3440.106 Safari/537.36]
[2019-06-24T13:34:08.859] [INFO] default - test info 1
[2019-06-24T13:34:10.719] [INFO] default - [::1 GET / 304 9ms][ HTTP/1.1 Mozilla/5.0 (Windows NT 6.1; Win64; x64) AppleWebKit/537.36 (KHTML, like Gecko) Chrome/68.0.3440.106 Safari/537.36]
[2019-06-24T13:34:10.753] [INFO] default - [::1 GET /public/css/login.css 304 4ms][http://localhost:3000/ HTTP/1.1 Mozilla/5.0 (Windows NT 6.1; Win64; x64) AppleWebKit/537.36 (KHTML, like Gecko) Chrome/68.0.3440.106 Safari/537.36]
[2019-06-24T13:34:10.754] [INFO] default - [::1 GET /public/img/icon1.png 304 4ms][http://localhost:3000/ HTTP/1.1 Mozilla/5.0 (Windows NT 6.1; Win64; x64) AppleWebKit/537.36 (KHTML, like Gecko) Chrome/68.0.3440.106 Safari/537.36]
[2019-06-24T13:34:10.754] [INFO] default - [::1 GET /public/img/icon2.png 304 4ms][http://localhost:3000/ HTTP/1.1 Mozilla/5.0 (Windows NT 6.1; Win64; x64) AppleWebKit/537.36 (KHTML, like Gecko) Chrome/68.0.3440.106 Safari/537.36]
[2019-06-24T13:34:10.766] [INFO] default - [::1 GET /public/js/login.js 200 11ms][http://localhost:3000/ HTTP/1.1 Mozilla/5.0 (Windows NT 6.1; Win64; x64) AppleWebKit/537.36 (KHTML, like Gecko) Chrome/68.0.3440.106 Safari/537.36]
[2019-06-24T13:34:10.777] [INFO] default - [::1 GET /public/img/bg2.jpg 304 0ms][http://localhost:3000/public/css/login.css HTTP/1.1 Mozilla/5.0 (Windows NT 6.1; Win64; x64) AppleWebKit/537.36 (KHTML, like Gecko) Chrome/68.0.3440.106 Safari/537.36]
[2019-06-24T13:34:44.378] [INFO] default - test info 1
[2019-06-24T13:34:52.373] [INFO] default - test info 1
[2019-06-24T13:37:34.243] [INFO] default - [::1 GET / 304 8ms][ HTTP/1.1 Mozilla/5.0 (Windows NT 6.1; Win64; x64) AppleWebKit/537.36 (KHTML, like Gecko) Chrome/68.0.3440.106 Safari/537.36]
[2019-06-24T13:37:34.265] [INFO] default - [::1 GET /public/css/login.css 304 5ms][http://localhost:3000/ HTTP/1.1 Mozilla/5.0 (Windows NT 6.1; Win64; x64) AppleWebKit/537.36 (KHTML, like Gecko) Chrome/68.0.3440.106 Safari/537.36]
[2019-06-24T13:37:34.268] [INFO] default - [::1 GET /public/img/icon1.png 304 5ms][http://localhost:3000/ HTTP/1.1 Mozilla/5.0 (Windows NT 6.1; Win64; x64) AppleWebKit/537.36 (KHTML, like Gecko) Chrome/68.0.3440.106 Safari/537.36]
[2019-06-24T13:37:34.274] [INFO] default - [::1 GET /public/img/icon2.png 304 11ms][http://localhost:3000/ HTTP/1.1 Mozilla/5.0 (Windows NT 6.1; Win64; x64) AppleWebKit/537.36 (KHTML, like Gecko) Chrome/68.0.3440.106 Safari/537.36]
[2019-06-24T13:37:34.283] [INFO] default - [::1 GET /public/js/login.js 200 10ms][http://localhost:3000/ HTTP/1.1 Mozilla/5.0 (Windows NT 6.1; Win64; x64) AppleWebKit/537.36 (KHTML, like Gecko) Chrome/68.0.3440.106 Safari/537.36]
[2019-06-24T13:37:34.295] [INFO] default - [::1 GET /public/img/bg2.jpg 304 2ms][http://localhost:3000/public/css/login.css HTTP/1.1 Mozilla/5.0 (Windows NT 6.1; Win64; x64) AppleWebKit/537.36 (KHTML, like Gecko) Chrome/68.0.3440.106 Safari/537.36]
[2019-06-24T13:37:36.521] [INFO] default - [::1 POST /login 200 29ms][http://localhost:3000/ HTTP/1.1 Mozilla/5.0 (Windows NT 6.1; Win64; x64) AppleWebKit/537.36 (KHTML, like Gecko) Chrome/68.0.3440.106 Safari/537.36]
[2019-06-24T13:37:38.931] [INFO] default - [::1 POST /login 200 1ms][http://localhost:3000/ HTTP/1.1 Mozilla/5.0 (Windows NT 6.1; Win64; x64) AppleWebKit/537.36 (KHTML, like Gecko) Chrome/68.0.3440.106 Safari/537.36]
[2019-06-24T13:38:07.897] [INFO] default - test info 1
[2019-06-24T13:38:10.104] [INFO] default - [::1 POST /login 200 29ms][http://localhost:3000/ HTTP/1.1 Mozilla/5.0 (Windows NT 6.1; Win64; x64) AppleWebKit/537.36 (KHTML, like Gecko) Chrome/68.0.3440.106 Safari/537.36]
[2019-06-24T13:38:10.932] [INFO] default - [::1 POST /login 200 2ms][http://localhost:3000/ HTTP/1.1 Mozilla/5.0 (Windows NT 6.1; Win64; x64) AppleWebKit/537.36 (KHTML, like Gecko) Chrome/68.0.3440.106 Safari/537.36]
[2019-06-24T13:38:15.882] [INFO] default - [::1 GET / 304 5ms][ HTTP/1.1 Mozilla/5.0 (Windows NT 6.1; Win64; x64) AppleWebKit/537.36 (KHTML, like Gecko) Chrome/68.0.3440.106 Safari/537.36]
[2019-06-24T13:38:15.913] [INFO] default - [::1 GET /public/css/login.css 304 7ms][http://localhost:3000/ HTTP/1.1 Mozilla/5.0 (Windows NT 6.1; Win64; x64) AppleWebKit/537.36 (KHTML, like Gecko) Chrome/68.0.3440.106 Safari/537.36]
[2019-06-24T13:38:15.921] [INFO] default - [::1 GET /public/img/icon2.png 304 9ms][http://localhost:3000/ HTTP/1.1 Mozilla/5.0 (Windows NT 6.1; Win64; x64) AppleWebKit/537.36 (KHTML, like Gecko) Chrome/68.0.3440.106 Safari/537.36]
[2019-06-24T13:38:15.927] [INFO] default - [::1 GET /public/img/icon1.png 304 17ms][http://localhost:3000/ HTTP/1.1 Mozilla/5.0 (Windows NT 6.1; Win64; x64) AppleWebKit/537.36 (KHTML, like Gecko) Chrome/68.0.3440.106 Safari/537.36]
[2019-06-24T13:38:15.933] [INFO] default - [::1 GET /public/js/login.js 200 11ms][http://localhost:3000/ HTTP/1.1 Mozilla/5.0 (Windows NT 6.1; Win64; x64) AppleWebKit/537.36 (KHTML, like Gecko) Chrome/68.0.3440.106 Safari/537.36]
[2019-06-24T13:38:15.951] [INFO] default - [::1 GET /public/img/bg2.jpg 304 1ms][http://localhost:3000/public/css/login.css HTTP/1.1 Mozilla/5.0 (Windows NT 6.1; Win64; x64) AppleWebKit/537.36 (KHTML, like Gecko) Chrome/68.0.3440.106 Safari/537.36]
[2019-06-24T13:38:18.639] [INFO] default - [::1 POST /login 200 1ms][http://localhost:3000/ HTTP/1.1 Mozilla/5.0 (Windows NT 6.1; Win64; x64) AppleWebKit/537.36 (KHTML, like Gecko) Chrome/68.0.3440.106 Safari/537.36]
[2019-06-24T13:38:19.441] [INFO] default - [::1 POST /login 200 1ms][http://localhost:3000/ HTTP/1.1 Mozilla/5.0 (Windows NT 6.1; Win64; x64) AppleWebKit/537.36 (KHTML, like Gecko) Chrome/68.0.3440.106 Safari/537.36]
[2019-06-24T14:13:36.277] [INFO] default - [::1 POST /login 200 1ms][http://localhost:3000/ HTTP/1.1 Mozilla/5.0 (Windows NT 6.1; Win64; x64) AppleWebKit/537.36 (KHTML, like Gecko) Chrome/68.0.3440.106 Safari/537.36]
[2019-06-24T14:13:43.546] [INFO] default - [::1 POST /login 200 1ms][http://localhost:3000/ HTTP/1.1 Mozilla/5.0 (Windows NT 6.1; Win64; x64) AppleWebKit/537.36 (KHTML, like Gecko) Chrome/68.0.3440.106 Safari/537.36]
[2019-06-24T14:14:18.832] [INFO] default - test info 1
[2019-06-24T14:21:36.927] [INFO] default - test info 1
[2019-06-24T14:21:38.896] [INFO] default - [::1 POST /login 200 33ms][http://localhost:3000/ HTTP/1.1 Mozilla/5.0 (Windows NT 6.1; Win64; x64) AppleWebKit/537.36 (KHTML, like Gecko) Chrome/68.0.3440.106 Safari/537.36]
[2019-06-24T14:21:56.592] [INFO] default - [::1 POST /login 200 1ms][http://localhost:3000/ HTTP/1.1 Mozilla/5.0 (Windows NT 6.1; Win64; x64) AppleWebKit/537.36 (KHTML, like Gecko) Chrome/68.0.3440.106 Safari/537.36]
[2019-06-24T14:23:28.210] [INFO] default - test info 1
[2019-06-24T14:31:03.401] [INFO] default - test info 1
[2019-06-24T14:31:05.325] [INFO] default - [::1 GET / 304 10ms][ HTTP/1.1 Mozilla/5.0 (Windows NT 6.1; Win64; x64) AppleWebKit/537.36 (KHTML, like Gecko) Chrome/68.0.3440.106 Safari/537.36]
[2019-06-24T14:31:05.390] [INFO] default - [::1 GET /public/css/login.css 304 3ms][http://localhost:3000/ HTTP/1.1 Mozilla/5.0 (Windows NT 6.1; Win64; x64) AppleWebKit/537.36 (KHTML, like Gecko) Chrome/68.0.3440.106 Safari/537.36]
[2019-06-24T14:31:05.392] [INFO] default - [::1 GET /public/img/icon1.png 304 4ms][http://localhost:3000/ HTTP/1.1 Mozilla/5.0 (Windows NT 6.1; Win64; x64) AppleWebKit/537.36 (KHTML, like Gecko) Chrome/68.0.3440.106 Safari/537.36]
[2019-06-24T14:31:05.394] [INFO] default - [::1 GET /public/js/login.js 304 3ms][http://localhost:3000/ HTTP/1.1 Mozilla/5.0 (Windows NT 6.1; Win64; x64) AppleWebKit/537.36 (KHTML, like Gecko) Chrome/68.0.3440.106 Safari/537.36]
[2019-06-24T14:31:05.395] [INFO] default - [::1 GET /public/img/icon2.png 304 3ms][http://localhost:3000/ HTTP/1.1 Mozilla/5.0 (Windows NT 6.1; Win64; x64) AppleWebKit/537.36 (KHTML, like Gecko) Chrome/68.0.3440.106 Safari/537.36]
[2019-06-24T14:31:05.403] [INFO] default - [::1 GET /public/img/bg2.jpg 304 3ms][http://localhost:3000/public/css/login.css HTTP/1.1 Mozilla/5.0 (Windows NT 6.1; Win64; x64) AppleWebKit/537.36 (KHTML, like Gecko) Chrome/68.0.3440.106 Safari/537.36]
[2019-06-24T14:31:10.613] [INFO] default - [::1 POST /login 200 17ms][http://localhost:3000/ HTTP/1.1 Mozilla/5.0 (Windows NT 6.1; Win64; x64) AppleWebKit/537.36 (KHTML, like Gecko) Chrome/68.0.3440.106 Safari/537.36]
[2019-06-24T14:36:33.874] [INFO] default - [::1 POST /login 200 2ms][http://localhost:3000/ HTTP/1.1 Mozilla/5.0 (Windows NT 6.1; Win64; x64) AppleWebKit/537.36 (KHTML, like Gecko) Chrome/68.0.3440.106 Safari/537.36]
[2019-06-24T14:36:43.537] [INFO] default - [::1 POST /login 200 1ms][http://localhost:3000/ HTTP/1.1 Mozilla/5.0 (Windows NT 6.1; Win64; x64) AppleWebKit/537.36 (KHTML, like Gecko) Chrome/68.0.3440.106 Safari/537.36]
[2019-06-24T14:40:44.112] [INFO] default - [::1 POST /login 200 1ms][http://localhost:3000/ HTTP/1.1 Mozilla/5.0 (Windows NT 6.1; Win64; x64) AppleWebKit/537.36 (KHTML, like Gecko) Chrome/68.0.3440.106 Safari/537.36]
[2019-06-24T14:41:56.255] [INFO] default - [::1 POST /login 200 0ms][http://localhost:3000/ HTTP/1.1 Mozilla/5.0 (Windows NT 6.1; Win64; x64) AppleWebKit/537.36 (KHTML, like Gecko) Chrome/68.0.3440.106 Safari/537.36]
[2019-06-24T14:43:27.638] [INFO] default - [::1 POST /login 200 0ms][http://localhost:3000/ HTTP/1.1 Mozilla/5.0 (Windows NT 6.1; Win64; x64) AppleWebKit/537.36 (KHTML, like Gecko) Chrome/68.0.3440.106 Safari/537.36]
[2019-06-24T14:44:13.560] [INFO] default - [::ffff:192.168.1.172 GET / 200 13ms][ HTTP/1.1 Mozilla/5.0 (Windows NT 6.1; Win64; x64) AppleWebKit/537.36 (KHTML, like Gecko) Chrome/68.0.3440.106 Safari/537.36]
[2019-06-24T14:44:13.674] [INFO] default - [::ffff:192.168.1.172 GET /public/css/login.css 200 5ms][http://192.168.1.172:3000/ HTTP/1.1 Mozilla/5.0 (Windows NT 6.1; Win64; x64) AppleWebKit/537.36 (KHTML, like Gecko) Chrome/68.0.3440.106 Safari/537.36]
[2019-06-24T14:44:13.675] [INFO] default - [::ffff:192.168.1.172 GET /public/img/icon1.png 200 7ms][http://192.168.1.172:3000/ HTTP/1.1 Mozilla/5.0 (Windows NT 6.1; Win64; x64) AppleWebKit/537.36 (KHTML, like Gecko) Chrome/68.0.3440.106 Safari/537.36]
[2019-06-24T14:44:13.687] [INFO] default - [::ffff:192.168.1.172 GET /public/img/icon2.png 200 6ms][http://192.168.1.172:3000/ HTTP/1.1 Mozilla/5.0 (Windows NT 6.1; Win64; x64) AppleWebKit/537.36 (KHTML, like Gecko) Chrome/68.0.3440.106 Safari/537.36]
[2019-06-24T14:44:13.710] [INFO] default - [::ffff:192.168.1.172 GET /public/js/login.js 200 2ms][http://192.168.1.172:3000/ HTTP/1.1 Mozilla/5.0 (Windows NT 6.1; Win64; x64) AppleWebKit/537.36 (KHTML, like Gecko) Chrome/68.0.3440.106 Safari/537.36]
[2019-06-24T14:44:13.720] [INFO] default - [::ffff:192.168.1.172 GET /public/img/bg2.jpg 200 5ms][http://192.168.1.172:3000/public/css/login.css HTTP/1.1 Mozilla/5.0 (Windows NT 6.1; Win64; x64) AppleWebKit/537.36 (KHTML, like Gecko) Chrome/68.0.3440.106 Safari/537.36]
[2019-06-24T14:44:14.081] [INFO] default - [::ffff:192.168.1.172 GET /favicon.ico 404 1ms][http://192.168.1.172:3000/ HTTP/1.1 Mozilla/5.0 (Windows NT 6.1; Win64; x64) AppleWebKit/537.36 (KHTML, like Gecko) Chrome/68.0.3440.106 Safari/537.36]
[2019-06-24T14:45:05.951] [INFO] default - [::ffff:192.168.1.184 GET / 200 1ms][ HTTP/1.1 Mozilla/5.0 (Linux; Android 7.1.1; 15 Build/NGI77B; wv) AppleWebKit/537.36 (KHTML, like Gecko) Version/4.0 Chrome/66.0.3359.126 MQQBrowser/6.2 TBS/044705 Mobile Safari/537.36 MMWEBID/6277 MicroMessenger/7.0.4.1420(0x2700043C) Process/tools NetType/WIFI Language/zh_CN]
[2019-06-24T14:45:06.373] [INFO] default - [::ffff:192.168.1.184 GET /public/css/login.css 200 1ms][http://192.168.1.172:3000/ HTTP/1.1 Mozilla/5.0 (Linux; Android 7.1.1; 15 Build/NGI77B; wv) AppleWebKit/537.36 (KHTML, like Gecko) Version/4.0 Chrome/66.0.3359.126 MQQBrowser/6.2 TBS/044705 Mobile Safari/537.36 MMWEBID/6277 MicroMessenger/7.0.4.1420(0x2700043C) Process/tools NetType/WIFI Language/zh_CN]
[2019-06-24T14:45:06.377] [INFO] default - [::ffff:192.168.1.184 GET /public/img/icon1.png 200 2ms][http://192.168.1.172:3000/ HTTP/1.1 Mozilla/5.0 (Linux; Android 7.1.1; 15 Build/NGI77B; wv) AppleWebKit/537.36 (KHTML, like Gecko) Version/4.0 Chrome/66.0.3359.126 MQQBrowser/6.2 TBS/044705 Mobile Safari/537.36 MMWEBID/6277 MicroMessenger/7.0.4.1420(0x2700043C) Process/tools NetType/WIFI Language/zh_CN]
[2019-06-24T14:45:06.379] [INFO] default - [::ffff:192.168.1.184 GET /public/img/icon2.png 200 2ms][http://192.168.1.172:3000/ HTTP/1.1 Mozilla/5.0 (Linux; Android 7.1.1; 15 Build/NGI77B; wv) AppleWebKit/537.36 (KHTML, like Gecko) Version/4.0 Chrome/66.0.3359.126 MQQBrowser/6.2 TBS/044705 Mobile Safari/537.36 MMWEBID/6277 MicroMessenger/7.0.4.1420(0x2700043C) Process/tools NetType/WIFI Language/zh_CN]
[2019-06-24T14:45:06.491] [INFO] default - [::ffff:192.168.1.184 GET /public/js/login.js 200 2ms][http://192.168.1.172:3000/ HTTP/1.1 Mozilla/5.0 (Linux; Android 7.1.1; 15 Build/NGI77B; wv) AppleWebKit/537.36 (KHTML, like Gecko) Version/4.0 Chrome/66.0.3359.126 MQQBrowser/6.2 TBS/044705 Mobile Safari/537.36 MMWEBID/6277 MicroMessenger/7.0.4.1420(0x2700043C) Process/tools NetType/WIFI Language/zh_CN]
[2019-06-24T14:45:06.696] [INFO] default - [::ffff:192.168.1.184 GET /public/img/bg2.jpg 200 1ms][http://192.168.1.172:3000/public/css/login.css HTTP/1.1 Mozilla/5.0 (Linux; Android 7.1.1; 15 Build/NGI77B; wv) AppleWebKit/537.36 (KHTML, like Gecko) Version/4.0 Chrome/66.0.3359.126 MQQBrowser/6.2 TBS/044705 Mobile Safari/537.36 MMWEBID/6277 MicroMessenger/7.0.4.1420(0x2700043C) Process/tools NetType/WIFI Language/zh_CN]
[2019-06-24T14:45:08.784] [INFO] default - [::ffff:192.168.1.184 GET /favicon.ico 404 0ms][http://192.168.1.172:3000/ HTTP/1.1 Mozilla/5.0 (Linux; Android 7.1.1; 15 Build/NGI77B; wv) AppleWebKit/537.36 (KHTML, like Gecko) Version/4.0 Chrome/66.0.3359.126 MQQBrowser/6.2 TBS/044705 Mobile Safari/537.36 MMWEBID/6277 MicroMessenger/7.0.4.1420(0x2700043C) Process/tools NetType/WIFI Language/zh_CN]
[2019-06-24T14:45:48.661] [INFO] default - [::ffff:192.168.1.184 GET / 200 1ms][ HTTP/1.1 Mozilla/5.0 (Linux; U; Android 7.1.1; zh-cn; 15 Build/NGI77B) AppleWebKit/537.36 (KHTML, like Gecko) Version/4.0 Chrome/66.0.3359.126 MQQBrowser/9.4 Mobile Safari/537.36]
[2019-06-24T14:45:49.002] [INFO] default - [::ffff:192.168.1.184 GET /public/css/login.css 200 2ms][http://192.168.1.172:3000/ HTTP/1.1 Mozilla/5.0 (Linux; U; Android 7.1.1; zh-cn; 15 Build/NGI77B) AppleWebKit/537.36 (KHTML, like Gecko) Version/4.0 Chrome/66.0.3359.126 MQQBrowser/9.4 Mobile Safari/537.36]
[2019-06-24T14:45:49.003] [INFO] default - [::ffff:192.168.1.184 GET /public/img/icon1.png 200 3ms][http://192.168.1.172:3000/ HTTP/1.1 Mozilla/5.0 (Linux; U; Android 7.1.1; zh-cn; 15 Build/NGI77B) AppleWebKit/537.36 (KHTML, like Gecko) Version/4.0 Chrome/66.0.3359.126 MQQBrowser/9.4 Mobile Safari/537.36]
[2019-06-24T14:45:49.004] [INFO] default - [::ffff:192.168.1.184 GET /public/img/icon2.png 200 1ms][http://192.168.1.172:3000/ HTTP/1.1 Mozilla/5.0 (Linux; U; Android 7.1.1; zh-cn; 15 Build/NGI77B) AppleWebKit/537.36 (KHTML, like Gecko) Version/4.0 Chrome/66.0.3359.126 MQQBrowser/9.4 Mobile Safari/537.36]
[2019-06-24T14:45:49.007] [INFO] default - [::ffff:192.168.1.184 GET /public/js/login.js 200 1ms][http://192.168.1.172:3000/ HTTP/1.1 Mozilla/5.0 (Linux; U; Android 7.1.1; zh-cn; 15 Build/NGI77B) AppleWebKit/537.36 (KHTML, like Gecko) Version/4.0 Chrome/66.0.3359.126 MQQBrowser/9.4 Mobile Safari/537.36]
[2019-06-24T14:45:49.380] [INFO] default - [::ffff:192.168.1.184 GET /public/img/bg2.jpg 200 1ms][http://192.168.1.172:3000/public/css/login.css HTTP/1.1 Mozilla/5.0 (Linux; U; Android 7.1.1; zh-cn; 15 Build/NGI77B) AppleWebKit/537.36 (KHTML, like Gecko) Version/4.0 Chrome/66.0.3359.126 MQQBrowser/9.4 Mobile Safari/537.36]
[2019-06-24T14:45:50.656] [INFO] default - [::ffff:192.168.1.184 GET /favicon.ico 404 1ms][http://192.168.1.172:3000/ HTTP/1.1 Mozilla/5.0 (Linux; U; Android 7.1.1; zh-cn; 15 Build/NGI77B) AppleWebKit/537.36 (KHTML, like Gecko) Version/4.0 Chrome/66.0.3359.126 MQQBrowser/9.4 Mobile Safari/537.36]
[2019-06-24T15:23:55.813] [INFO] default - test info 1
[2019-06-24T15:23:59.188] [INFO] default - [::ffff:192.168.1.172 GET / 304 16ms][ HTTP/1.1 Mozilla/5.0 (Linux; Android 8.0; Pixel 2 Build/OPD3.170816.012) AppleWebKit/537.36 (KHTML, like Gecko) Chrome/68.0.3440.106 Mobile Safari/537.36]
[2019-06-24T15:23:59.211] [INFO] default - [::ffff:192.168.1.172 GET /public/css/login.css 304 3ms][http://192.168.1.172:3000/ HTTP/1.1 Mozilla/5.0 (Linux; Android 8.0; Pixel 2 Build/OPD3.170816.012) AppleWebKit/537.36 (KHTML, like Gecko) Chrome/68.0.3440.106 Mobile Safari/537.36]
[2019-06-24T15:23:59.212] [INFO] default - [::ffff:192.168.1.172 GET /public/img/icon1.png 304 4ms][http://192.168.1.172:3000/ HTTP/1.1 Mozilla/5.0 (Linux; Android 8.0; Pixel 2 Build/OPD3.170816.012) AppleWebKit/537.36 (KHTML, like Gecko) Chrome/68.0.3440.106 Mobile Safari/537.36]
[2019-06-24T15:23:59.216] [INFO] default - [::ffff:192.168.1.172 GET /public/img/icon2.png 304 2ms][http://192.168.1.172:3000/ HTTP/1.1 Mozilla/5.0 (Linux; Android 8.0; Pixel 2 Build/OPD3.170816.012) AppleWebKit/537.36 (KHTML, like Gecko) Chrome/68.0.3440.106 Mobile Safari/537.36]
[2019-06-24T15:23:59.234] [INFO] default - [::ffff:192.168.1.172 GET /public/js/login.js 304 1ms][http://192.168.1.172:3000/ HTTP/1.1 Mozilla/5.0 (Linux; Android 8.0; Pixel 2 Build/OPD3.170816.012) AppleWebKit/537.36 (KHTML, like Gecko) Chrome/68.0.3440.106 Mobile Safari/537.36]
[2019-06-24T15:23:59.249] [INFO] default - [::ffff:192.168.1.172 GET /public/img/bg2.jpg 304 3ms][http://192.168.1.172:3000/public/css/login.css HTTP/1.1 Mozilla/5.0 (Linux; Android 8.0; Pixel 2 Build/OPD3.170816.012) AppleWebKit/537.36 (KHTML, like Gecko) Chrome/68.0.3440.106 Mobile Safari/537.36]
[2019-06-24T15:24:06.623] [INFO] default - [::ffff:192.168.1.172 POST /login 200 17ms][http://192.168.1.172:3000/ HTTP/1.1 Mozilla/5.0 (Windows NT 6.1; Win64; x64) AppleWebKit/537.36 (KHTML, like Gecko) Chrome/68.0.3440.106 Safari/537.36]
[2019-06-24T15:24:17.022] [INFO] default - [::ffff:192.168.1.172 POST /login 200 2ms][http://192.168.1.172:3000/ HTTP/1.1 Mozilla/5.0 (Windows NT 6.1; Win64; x64) AppleWebKit/537.36 (KHTML, like Gecko) Chrome/68.0.3440.106 Safari/537.36]
[2019-06-24T15:25:11.456] [INFO] default - test info 1
[2019-06-24T15:28:01.754] [INFO] default - test info 1
[2019-06-24T15:31:09.378] [INFO] default - test info 1
[2019-06-24T15:33:04.345] [INFO] default - [::ffff:192.168.1.172 GET / 200 10ms][ HTTP/1.1 Mozilla/5.0 (Windows NT 6.1; Win64; x64) AppleWebKit/537.36 (KHTML, like Gecko) Chrome/68.0.3440.106 Safari/537.36]
[2019-06-24T15:33:04.366] [INFO] default - [::ffff:192.168.1.172 GET /public/css/login.css 200 6ms][http://192.168.1.172:3000/ HTTP/1.1 Mozilla/5.0 (Windows NT 6.1; Win64; x64) AppleWebKit/537.36 (KHTML, like Gecko) Chrome/68.0.3440.106 Safari/537.36]
[2019-06-24T15:33:04.370] [INFO] default - [::ffff:192.168.1.172 GET /public/img/icon1.png 200 7ms][http://192.168.1.172:3000/ HTTP/1.1 Mozilla/5.0 (Windows NT 6.1; Win64; x64) AppleWebKit/537.36 (KHTML, like Gecko) Chrome/68.0.3440.106 Safari/537.36]
[2019-06-24T15:33:04.372] [INFO] default - [::ffff:192.168.1.172 GET /public/img/icon2.png 200 9ms][http://192.168.1.172:3000/ HTTP/1.1 Mozilla/5.0 (Windows NT 6.1; Win64; x64) AppleWebKit/537.36 (KHTML, like Gecko) Chrome/68.0.3440.106 Safari/537.36]
[2019-06-24T15:33:04.380] [INFO] default - [::ffff:192.168.1.172 GET /public/js/login.js 200 2ms][http://192.168.1.172:3000/ HTTP/1.1 Mozilla/5.0 (Windows NT 6.1; Win64; x64) AppleWebKit/537.36 (KHTML, like Gecko) Chrome/68.0.3440.106 Safari/537.36]
[2019-06-24T15:33:04.403] [INFO] default - [::ffff:192.168.1.172 GET /public/img/bg2.jpg 200 20ms][http://192.168.1.172:3000/public/css/login.css HTTP/1.1 Mozilla/5.0 (Windows NT 6.1; Win64; x64) AppleWebKit/537.36 (KHTML, like Gecko) Chrome/68.0.3440.106 Safari/537.36]
[2019-06-24T15:33:05.868] [INFO] default - [::ffff:192.168.1.172 POST /login 200 16ms][http://192.168.1.172:3000/ HTTP/1.1 Mozilla/5.0 (Windows NT 6.1; Win64; x64) AppleWebKit/537.36 (KHTML, like Gecko) Chrome/68.0.3440.106 Safari/537.36]
[2019-06-24T15:56:10.955] [INFO] default - test info 1
[2019-06-24T15:56:17.510] [INFO] default - [::ffff:192.168.1.172 POST /login 200 47ms][http://192.168.1.172:3000/ HTTP/1.1 Mozilla/5.0 (Windows NT 6.1; Win64; x64) AppleWebKit/537.36 (KHTML, like Gecko) Chrome/68.0.3440.106 Safari/537.36]
[2019-06-24T15:57:37.962] [INFO] default - [::ffff:192.168.1.172 POST /login 200 3ms][http://192.168.1.172:3000/ HTTP/1.1 Mozilla/5.0 (Windows NT 6.1; Win64; x64) AppleWebKit/537.36 (KHTML, like Gecko) Chrome/68.0.3440.106 Safari/537.36]
[2019-06-24T15:57:41.777] [INFO] default - [::ffff:192.168.1.172 POST /login 200 3ms][http://192.168.1.172:3000/ HTTP/1.1 Mozilla/5.0 (Windows NT 6.1; Win64; x64) AppleWebKit/537.36 (KHTML, like Gecko) Chrome/68.0.3440.106 Safari/537.36]
[2019-06-24T15:59:24.960] [INFO] default - test info 1
[2019-06-24T16:53:20.202] [INFO] default - test info 1
[2019-06-24T16:53:23.911] [INFO] default - [::ffff:192.168.1.172 GET / 200 16ms][ HTTP/1.1 Mozilla/5.0 (Windows NT 6.1; Win64; x64) AppleWebKit/537.36 (KHTML, like Gecko) Chrome/68.0.3440.106 Safari/537.36]
[2019-06-24T16:53:23.947] [INFO] default - [::ffff:192.168.1.172 GET /public/css/login.css 200 14ms][http://192.168.1.172:3000/ HTTP/1.1 Mozilla/5.0 (Windows NT 6.1; Win64; x64) AppleWebKit/537.36 (KHTML, like Gecko) Chrome/68.0.3440.106 Safari/537.36]
[2019-06-24T16:53:23.949] [INFO] default - [::ffff:192.168.1.172 GET /public/img/icon1.png 200 14ms][http://192.168.1.172:3000/ HTTP/1.1 Mozilla/5.0 (Windows NT 6.1; Win64; x64) AppleWebKit/537.36 (KHTML, like Gecko) Chrome/68.0.3440.106 Safari/537.36]
[2019-06-24T16:53:23.952] [INFO] default - [::ffff:192.168.1.172 GET /public/img/icon2.png 200 17ms][http://192.168.1.172:3000/ HTTP/1.1 Mozilla/5.0 (Windows NT 6.1; Win64; x64) AppleWebKit/537.36 (KHTML, like Gecko) Chrome/68.0.3440.106 Safari/537.36]
[2019-06-24T16:53:23.954] [INFO] default - [::ffff:192.168.1.172 GET /public/js/login.js 200 13ms][http://192.168.1.172:3000/ HTTP/1.1 Mozilla/5.0 (Windows NT 6.1; Win64; x64) AppleWebKit/537.36 (KHTML, like Gecko) Chrome/68.0.3440.106 Safari/537.36]
[2019-06-24T16:53:23.991] [INFO] default - [::ffff:192.168.1.172 GET /public/img/bg2.jpg 200 9ms][http://192.168.1.172:3000/public/css/login.css HTTP/1.1 Mozilla/5.0 (Windows NT 6.1; Win64; x64) AppleWebKit/537.36 (KHTML, like Gecko) Chrome/68.0.3440.106 Safari/537.36]
[2019-06-24T16:53:33.024] [INFO] default - [::ffff:192.168.1.172 GET / 304 10ms][ HTTP/1.1 Mozilla/5.0 (Windows NT 6.1; Win64; x64) AppleWebKit/537.36 (KHTML, like Gecko) Chrome/68.0.3440.106 Safari/537.36]
[2019-06-24T16:53:33.074] [INFO] default - [::ffff:192.168.1.172 GET /public/css/login.css 304 6ms][http://192.168.1.172:3000/ HTTP/1.1 Mozilla/5.0 (Windows NT 6.1; Win64; x64) AppleWebKit/537.36 (KHTML, like Gecko) Chrome/68.0.3440.106 Safari/537.36]
[2019-06-24T16:53:33.076] [INFO] default - [::ffff:192.168.1.172 GET /public/img/icon1.png 304 3ms][http://192.168.1.172:3000/ HTTP/1.1 Mozilla/5.0 (Windows NT 6.1; Win64; x64) AppleWebKit/537.36 (KHTML, like Gecko) Chrome/68.0.3440.106 Safari/537.36]
[2019-06-24T16:53:33.078] [INFO] default - [::ffff:192.168.1.172 GET /public/img/icon2.png 304 2ms][http://192.168.1.172:3000/ HTTP/1.1 Mozilla/5.0 (Windows NT 6.1; Win64; x64) AppleWebKit/537.36 (KHTML, like Gecko) Chrome/68.0.3440.106 Safari/537.36]
[2019-06-24T16:53:33.098] [INFO] default - [::ffff:192.168.1.172 GET /public/js/login.js 304 12ms][http://192.168.1.172:3000/ HTTP/1.1 Mozilla/5.0 (Windows NT 6.1; Win64; x64) AppleWebKit/537.36 (KHTML, like Gecko) Chrome/68.0.3440.106 Safari/537.36]
[2019-06-24T16:53:33.115] [INFO] default - [::ffff:192.168.1.172 GET /public/img/bg2.jpg 304 7ms][http://192.168.1.172:3000/public/css/login.css HTTP/1.1 Mozilla/5.0 (Windows NT 6.1; Win64; x64) AppleWebKit/537.36 (KHTML, like Gecko) Chrome/68.0.3440.106 Safari/537.36]
[2019-06-24T16:54:36.636] [INFO] default - test info 1
[2019-06-24T16:55:30.530] [INFO] default - [::ffff:192.168.1.172 GET / 304 13ms][ HTTP/1.1 Mozilla/5.0 (Windows NT 6.1; Win64; x64) AppleWebKit/537.36 (KHTML, like Gecko) Chrome/68.0.3440.106 Safari/537.36]
[2019-06-24T16:55:30.555] [INFO] default - [::ffff:192.168.1.172 GET /public/css/login.css 304 8ms][http://192.168.1.172:3000/ HTTP/1.1 Mozilla/5.0 (Windows NT 6.1; Win64; x64) AppleWebKit/537.36 (KHTML, like Gecko) Chrome/68.0.3440.106 Safari/537.36]
[2019-06-24T16:55:30.556] [INFO] default - [::ffff:192.168.1.172 GET /public/img/icon1.png 304 9ms][http://192.168.1.172:3000/ HTTP/1.1 Mozilla/5.0 (Windows NT 6.1; Win64; x64) AppleWebKit/537.36 (KHTML, like Gecko) Chrome/68.0.3440.106 Safari/537.36]
[2019-06-24T16:55:30.562] [INFO] default - [::ffff:192.168.1.172 GET /public/img/icon2.png 304 2ms][http://192.168.1.172:3000/ HTTP/1.1 Mozilla/5.0 (Windows NT 6.1; Win64; x64) AppleWebKit/537.36 (KHTML, like Gecko) Chrome/68.0.3440.106 Safari/537.36]
[2019-06-24T16:55:30.574] [INFO] default - [::ffff:192.168.1.172 GET /public/js/login.js 304 1ms][http://192.168.1.172:3000/ HTTP/1.1 Mozilla/5.0 (Windows NT 6.1; Win64; x64) AppleWebKit/537.36 (KHTML, like Gecko) Chrome/68.0.3440.106 Safari/537.36]
[2019-06-24T16:55:30.585] [INFO] default - [::ffff:192.168.1.172 GET /public/img/bg2.jpg 304 1ms][http://192.168.1.172:3000/public/css/login.css HTTP/1.1 Mozilla/5.0 (Windows NT 6.1; Win64; x64) AppleWebKit/537.36 (KHTML, like Gecko) Chrome/68.0.3440.106 Safari/537.36]
[2019-06-24T16:55:35.200] [INFO] default - [::ffff:192.168.1.172 GET / 304 2ms][ HTTP/1.1 Mozilla/5.0 (Windows NT 6.1; Win64; x64) AppleWebKit/537.36 (KHTML, like Gecko) Chrome/68.0.3440.106 Safari/537.36]
[2019-06-24T16:55:35.215] [INFO] default - [::ffff:192.168.1.172 GET /public/css/login.css 304 2ms][http://192.168.1.172:3000/ HTTP/1.1 Mozilla/5.0 (Windows NT 6.1; Win64; x64) AppleWebKit/537.36 (KHTML, like Gecko) Chrome/68.0.3440.106 Safari/537.36]
[2019-06-24T16:55:35.217] [INFO] default - [::ffff:192.168.1.172 GET /public/img/icon1.png 304 3ms][http://192.168.1.172:3000/ HTTP/1.1 Mozilla/5.0 (Windows NT 6.1; Win64; x64) AppleWebKit/537.36 (KHTML, like Gecko) Chrome/68.0.3440.106 Safari/537.36]
[2019-06-24T16:55:35.218] [INFO] default - [::ffff:192.168.1.172 GET /public/img/icon2.png 304 3ms][http://192.168.1.172:3000/ HTTP/1.1 Mozilla/5.0 (Windows NT 6.1; Win64; x64) AppleWebKit/537.36 (KHTML, like Gecko) Chrome/68.0.3440.106 Safari/537.36]
[2019-06-24T16:55:35.230] [INFO] default - [::ffff:192.168.1.172 GET /public/js/login.js 304 2ms][http://192.168.1.172:3000/ HTTP/1.1 Mozilla/5.0 (Windows NT 6.1; Win64; x64) AppleWebKit/537.36 (KHTML, like Gecko) Chrome/68.0.3440.106 Safari/537.36]
[2019-06-24T16:55:35.242] [INFO] default - [::ffff:192.168.1.172 GET /public/img/bg2.jpg 304 6ms][http://192.168.1.172:3000/public/css/login.css HTTP/1.1 Mozilla/5.0 (Windows NT 6.1; Win64; x64) AppleWebKit/537.36 (KHTML, like Gecko) Chrome/68.0.3440.106 Safari/537.36]
[2019-06-24T16:58:51.024] [INFO] default - test info 1
[2019-06-24T16:59:19.758] [INFO] default - test info 1
[2019-06-24T16:59:58.571] [INFO] default - [::1 GET / 200 13ms][ HTTP/1.1 Mozilla/5.0 (Windows NT 6.1; Win64; x64) AppleWebKit/537.36 (KHTML, like Gecko) Chrome/68.0.3440.106 Safari/537.36]
[2019-06-24T16:59:58.606] [INFO] default - [::1 GET /public/css/login.css 200 7ms][http://localhost:3000/ HTTP/1.1 Mozilla/5.0 (Windows NT 6.1; Win64; x64) AppleWebKit/537.36 (KHTML, like Gecko) Chrome/68.0.3440.106 Safari/537.36]
[2019-06-24T16:59:58.608] [INFO] default - [::1 GET /public/img/icon1.png 200 7ms][http://localhost:3000/ HTTP/1.1 Mozilla/5.0 (Windows NT 6.1; Win64; x64) AppleWebKit/537.36 (KHTML, like Gecko) Chrome/68.0.3440.106 Safari/537.36]
[2019-06-24T16:59:58.610] [INFO] default - [::1 GET /public/img/icon2.png 200 10ms][http://localhost:3000/ HTTP/1.1 Mozilla/5.0 (Windows NT 6.1; Win64; x64) AppleWebKit/537.36 (KHTML, like Gecko) Chrome/68.0.3440.106 Safari/537.36]
[2019-06-24T16:59:59.114] [INFO] default - [::1 GET /public/js/axios.min.js 200 12ms][http://localhost:3000/ HTTP/1.1 Mozilla/5.0 (Windows NT 6.1; Win64; x64) AppleWebKit/537.36 (KHTML, like Gecko) Chrome/68.0.3440.106 Safari/537.36]
[2019-06-24T16:59:59.114] [INFO] default - [::1 GET /public/js/login.js 200 12ms][http://localhost:3000/ HTTP/1.1 Mozilla/5.0 (Windows NT 6.1; Win64; x64) AppleWebKit/537.36 (KHTML, like Gecko) Chrome/68.0.3440.106 Safari/537.36]
[2019-06-24T16:59:59.138] [INFO] default - [::1 GET /public/img/bg2.jpg 200 9ms][http://localhost:3000/public/css/login.css HTTP/1.1 Mozilla/5.0 (Windows NT 6.1; Win64; x64) AppleWebKit/537.36 (KHTML, like Gecko) Chrome/68.0.3440.106 Safari/537.36]
[2019-06-24T16:59:59.228] [INFO] default - [::1 GET /public/js/axios.min.map 404 5ms][ HTTP/1.1 Mozilla/5.0 (Windows NT 6.1; Win64; x64) AppleWebKit/537.36 (KHTML, like Gecko) Chrome/68.0.3440.106 Safari/537.36]
[2019-06-24T17:02:26.731] [INFO] default - test info 1
[2019-06-24T17:04:42.613] [INFO] default - test info 1
[2019-06-24T17:04:45.478] [INFO] default - [::1 GET / 200 11ms][ HTTP/1.1 Mozilla/5.0 (Windows NT 6.1; Win64; x64) AppleWebKit/537.36 (KHTML, like Gecko) Chrome/68.0.3440.106 Safari/537.36]
[2019-06-24T17:04:45.518] [INFO] default - [::1 GET /public/css/login.css 200 17ms][http://localhost:3000/ HTTP/1.1 Mozilla/5.0 (Windows NT 6.1; Win64; x64) AppleWebKit/537.36 (KHTML, like Gecko) Chrome/68.0.3440.106 Safari/537.36]
[2019-06-24T17:04:45.520] [INFO] default - [::1 GET /public/img/icon1.png 200 17ms][http://localhost:3000/ HTTP/1.1 Mozilla/5.0 (Windows NT 6.1; Win64; x64) AppleWebKit/537.36 (KHTML, like Gecko) Chrome/68.0.3440.106 Safari/537.36]
[2019-06-24T17:04:45.521] [INFO] default - [::1 GET /public/img/icon2.png 200 17ms][http://localhost:3000/ HTTP/1.1 Mozilla/5.0 (Windows NT 6.1; Win64; x64) AppleWebKit/537.36 (KHTML, like Gecko) Chrome/68.0.3440.106 Safari/537.36]
[2019-06-24T17:04:45.524] [INFO] default - [::1 GET /public/js/login.js 200 9ms][http://localhost:3000/ HTTP/1.1 Mozilla/5.0 (Windows NT 6.1; Win64; x64) AppleWebKit/537.36 (KHTML, like Gecko) Chrome/68.0.3440.106 Safari/537.36]
[2019-06-24T17:04:45.536] [INFO] default - [::1 GET /public/img/bg2.jpg 200 3ms][http://localhost:3000/public/css/login.css HTTP/1.1 Mozilla/5.0 (Windows NT 6.1; Win64; x64) AppleWebKit/537.36 (KHTML, like Gecko) Chrome/68.0.3440.106 Safari/537.36]
[2019-06-24T17:06:34.276] [INFO] default - test info 1
[2019-06-24T17:06:59.469] [INFO] default - [::1 GET / 200 14ms][ HTTP/1.1 Mozilla/5.0 (Windows NT 6.1; Win64; x64) AppleWebKit/537.36 (KHTML, like Gecko) Chrome/68.0.3440.106 Safari/537.36]
[2019-06-24T17:06:59.490] [INFO] default - [::1 GET /public/css/login.css 200 4ms][http://localhost:3000/ HTTP/1.1 Mozilla/5.0 (Windows NT 6.1; Win64; x64) AppleWebKit/537.36 (KHTML, like Gecko) Chrome/68.0.3440.106 Safari/537.36]
[2019-06-24T17:06:59.491] [INFO] default - [::1 GET /public/img/icon1.png 200 5ms][http://localhost:3000/ HTTP/1.1 Mozilla/5.0 (Windows NT 6.1; Win64; x64) AppleWebKit/537.36 (KHTML, like Gecko) Chrome/68.0.3440.106 Safari/537.36]
[2019-06-24T17:06:59.494] [INFO] default - [::1 GET /public/img/icon2.png 200 6ms][http://localhost:3000/ HTTP/1.1 Mozilla/5.0 (Windows NT 6.1; Win64; x64) AppleWebKit/537.36 (KHTML, like Gecko) Chrome/68.0.3440.106 Safari/537.36]
[2019-06-24T17:06:59.513] [INFO] default - [::1 GET /public/js/login.js 200 6ms][http://localhost:3000/ HTTP/1.1 Mozilla/5.0 (Windows NT 6.1; Win64; x64) AppleWebKit/537.36 (KHTML, like Gecko) Chrome/68.0.3440.106 Safari/537.36]
[2019-06-24T17:06:59.549] [INFO] default - [::1 GET /public/img/bg2.jpg 200 2ms][http://localhost:3000/public/css/login.css HTTP/1.1 Mozilla/5.0 (Windows NT 6.1; Win64; x64) AppleWebKit/537.36 (KHTML, like Gecko) Chrome/68.0.3440.106 Safari/537.36]
[2019-06-24T17:22:02.737] [INFO] default - test info 1
[2019-06-24T17:22:03.620] [INFO] default - [::1 GET / 304 7ms][ HTTP/1.1 Mozilla/5.0 (Windows NT 6.1; Win64; x64) AppleWebKit/537.36 (KHTML, like Gecko) Chrome/68.0.3440.106 Safari/537.36]
[2019-06-24T17:22:03.637] [INFO] default - [::1 GET /public/css/login.css 304 4ms][http://localhost:3000/ HTTP/1.1 Mozilla/5.0 (Windows NT 6.1; Win64; x64) AppleWebKit/537.36 (KHTML, like Gecko) Chrome/68.0.3440.106 Safari/537.36]
[2019-06-24T17:22:03.646] [INFO] default - [::1 GET /public/img/icon1.png 304 4ms][http://localhost:3000/ HTTP/1.1 Mozilla/5.0 (Windows NT 6.1; Win64; x64) AppleWebKit/537.36 (KHTML, like Gecko) Chrome/68.0.3440.106 Safari/537.36]
[2019-06-24T17:22:03.650] [INFO] default - [::1 GET /public/js/login.js 304 3ms][http://localhost:3000/ HTTP/1.1 Mozilla/5.0 (Windows NT 6.1; Win64; x64) AppleWebKit/537.36 (KHTML, like Gecko) Chrome/68.0.3440.106 Safari/537.36]
[2019-06-24T17:22:03.651] [INFO] default - [::1 GET /public/img/icon2.png 304 2ms][http://localhost:3000/ HTTP/1.1 Mozilla/5.0 (Windows NT 6.1; Win64; x64) AppleWebKit/537.36 (KHTML, like Gecko) Chrome/68.0.3440.106 Safari/537.36]
[2019-06-24T17:22:03.668] [INFO] default - [::1 GET /public/img/bg2.jpg 304 11ms][http://localhost:3000/public/css/login.css HTTP/1.1 Mozilla/5.0 (Windows NT 6.1; Win64; x64) AppleWebKit/537.36 (KHTML, like Gecko) Chrome/68.0.3440.106 Safari/537.36]
[2019-06-24T17:22:05.846] [INFO] default - [::1 GET / 304 1ms][ HTTP/1.1 Mozilla/5.0 (Windows NT 6.1; Win64; x64) AppleWebKit/537.36 (KHTML, like Gecko) Chrome/68.0.3440.106 Safari/537.36]
[2019-06-24T17:22:05.868] [INFO] default - [::1 GET /public/css/login.css 304 2ms][http://localhost:3000/ HTTP/1.1 Mozilla/5.0 (Windows NT 6.1; Win64; x64) AppleWebKit/537.36 (KHTML, like Gecko) Chrome/68.0.3440.106 Safari/537.36]
[2019-06-24T17:22:05.869] [INFO] default - [::1 GET /public/img/icon1.png 304 3ms][http://localhost:3000/ HTTP/1.1 Mozilla/5.0 (Windows NT 6.1; Win64; x64) AppleWebKit/537.36 (KHTML, like Gecko) Chrome/68.0.3440.106 Safari/537.36]
[2019-06-24T17:22:05.870] [INFO] default - [::ffff:127.0.0.1 GET /public/img/icon2.png 304 3ms][http://localhost:3000/ HTTP/1.1 Mozilla/5.0 (Windows NT 6.1; Win64; x64) AppleWebKit/537.36 (KHTML, like Gecko) Chrome/68.0.3440.106 Safari/537.36]
[2019-06-24T17:22:05.887] [INFO] default - [::ffff:127.0.0.1 GET /public/js/login.js 304 2ms][http://localhost:3000/ HTTP/1.1 Mozilla/5.0 (Windows NT 6.1; Win64; x64) AppleWebKit/537.36 (KHTML, like Gecko) Chrome/68.0.3440.106 Safari/537.36]
[2019-06-24T17:22:05.913] [INFO] default - [::ffff:127.0.0.1 GET /public/img/bg2.jpg 304 3ms][http://localhost:3000/public/css/login.css HTTP/1.1 Mozilla/5.0 (Windows NT 6.1; Win64; x64) AppleWebKit/537.36 (KHTML, like Gecko) Chrome/68.0.3440.106 Safari/537.36]
[2019-06-24T17:22:41.737] [INFO] default - test info 1
[2019-06-24T17:22:44.469] [INFO] default - [::1 GET / 304 12ms][ HTTP/1.1 Mozilla/5.0 (Windows NT 6.1; Win64; x64) AppleWebKit/537.36 (KHTML, like Gecko) Chrome/68.0.3440.106 Safari/537.36]
[2019-06-24T17:22:44.510] [INFO] default - [::1 GET /public/css/login.css 304 4ms][http://localhost:3000/ HTTP/1.1 Mozilla/5.0 (Windows NT 6.1; Win64; x64) AppleWebKit/537.36 (KHTML, like Gecko) Chrome/68.0.3440.106 Safari/537.36]
[2019-06-24T17:22:44.512] [INFO] default - [::1 GET /public/img/icon1.png 304 4ms][http://localhost:3000/ HTTP/1.1 Mozilla/5.0 (Windows NT 6.1; Win64; x64) AppleWebKit/537.36 (KHTML, like Gecko) Chrome/68.0.3440.106 Safari/537.36]
[2019-06-24T17:22:44.512] [INFO] default - [::1 GET /public/img/icon2.png 304 3ms][http://localhost:3000/ HTTP/1.1 Mozilla/5.0 (Windows NT 6.1; Win64; x64) AppleWebKit/537.36 (KHTML, like Gecko) Chrome/68.0.3440.106 Safari/537.36]
[2019-06-24T17:22:44.524] [INFO] default - [::1 GET /public/js/login.js 304 2ms][http://localhost:3000/ HTTP/1.1 Mozilla/5.0 (Windows NT 6.1; Win64; x64) AppleWebKit/537.36 (KHTML, like Gecko) Chrome/68.0.3440.106 Safari/537.36]
[2019-06-24T17:22:44.539] [INFO] default - [::1 GET /public/img/bg2.jpg 304 1ms][http://localhost:3000/public/css/login.css HTTP/1.1 Mozilla/5.0 (Windows NT 6.1; Win64; x64) AppleWebKit/537.36 (KHTML, like Gecko) Chrome/68.0.3440.106 Safari/537.36]
[2019-06-24T17:22:48.190] [INFO] default - [::1 POST /login 200 43ms][http://localhost:3000/ HTTP/1.1 Mozilla/5.0 (Windows NT 6.1; Win64; x64) AppleWebKit/537.36 (KHTML, like Gecko) Chrome/68.0.3440.106 Safari/537.36]
[2019-06-24T17:24:10.856] [INFO] default - test info 1
[2019-06-24T17:28:07.500] [INFO] default - [::1 POST /login 200 52ms][http://localhost:3000/ HTTP/1.1 Mozilla/5.0 (Windows NT 6.1; Win64; x64) AppleWebKit/537.36 (KHTML, like Gecko) Chrome/68.0.3440.106 Safari/537.36]
[2019-06-24T17:28:43.945] [INFO] default - test info 1
[2019-06-24T17:29:32.551] [INFO] default - test info 1
[2019-06-24T17:32:01.151] [INFO] default - test info 1
[2019-06-24T17:32:22.968] [INFO] default - test info 1
[2019-06-24T17:32:48.433] [INFO] default - test info 1
[2019-06-24T17:32:55.758] [INFO] default - [::1 GET / 304 15ms][ HTTP/1.1 Mozilla/5.0 (Windows NT 6.1; Win64; x64) AppleWebKit/537.36 (KHTML, like Gecko) Chrome/68.0.3440.106 Safari/537.36]
[2019-06-24T17:32:55.794] [INFO] default - [::1 GET /public/css/login.css 304 8ms][http://localhost:3000/ HTTP/1.1 Mozilla/5.0 (Windows NT 6.1; Win64; x64) AppleWebKit/537.36 (KHTML, like Gecko) Chrome/68.0.3440.106 Safari/537.36]
[2019-06-24T17:32:55.795] [INFO] default - [::1 GET /public/img/icon1.png 304 9ms][http://localhost:3000/ HTTP/1.1 Mozilla/5.0 (Windows NT 6.1; Win64; x64) AppleWebKit/537.36 (KHTML, like Gecko) Chrome/68.0.3440.106 Safari/537.36]
[2019-06-24T17:32:55.796] [INFO] default - [::1 GET /public/img/icon2.png 304 8ms][http://localhost:3000/ HTTP/1.1 Mozilla/5.0 (Windows NT 6.1; Win64; x64) AppleWebKit/537.36 (KHTML, like Gecko) Chrome/68.0.3440.106 Safari/537.36]
[2019-06-24T17:32:55.800] [INFO] default - [::1 GET /public/js/login.js 304 1ms][http://localhost:3000/ HTTP/1.1 Mozilla/5.0 (Windows NT 6.1; Win64; x64) AppleWebKit/537.36 (KHTML, like Gecko) Chrome/68.0.3440.106 Safari/537.36]
[2019-06-24T17:32:55.818] [INFO] default - [::1 GET /public/img/bg2.jpg 304 2ms][http://localhost:3000/public/css/login.css HTTP/1.1 Mozilla/5.0 (Windows NT 6.1; Win64; x64) AppleWebKit/537.36 (KHTML, like Gecko) Chrome/68.0.3440.106 Safari/537.36]
[2019-06-24T17:32:58.785] [INFO] default - [::1 POST /login 200 48ms][http://localhost:3000/ HTTP/1.1 Mozilla/5.0 (Windows NT 6.1; Win64; x64) AppleWebKit/537.36 (KHTML, like Gecko) Chrome/68.0.3440.106 Safari/537.36]
[2019-06-24T17:33:14.817] [INFO] default - [::1 POST /login 200 9ms][http://localhost:3000/ HTTP/1.1 Mozilla/5.0 (Windows NT 6.1; Win64; x64) AppleWebKit/537.36 (KHTML, like Gecko) Chrome/68.0.3440.106 Safari/537.36]
[2019-06-24T17:33:33.007] [INFO] default - [::1 POST /login 200 2ms][http://localhost:3000/ HTTP/1.1 Mozilla/5.0 (Windows NT 6.1; Win64; x64) AppleWebKit/537.36 (KHTML, like Gecko) Chrome/68.0.3440.106 Safari/537.36]
[2019-06-24T17:33:56.305] [INFO] default - [::1 POST /login 200 3ms][http://localhost:3000/ HTTP/1.1 Mozilla/5.0 (Windows NT 6.1; Win64; x64) AppleWebKit/537.36 (KHTML, like Gecko) Chrome/68.0.3440.106 Safari/537.36]
[2019-06-24T17:33:56.935] [INFO] default - [::1 POST /login 200 2ms][http://localhost:3000/ HTTP/1.1 Mozilla/5.0 (Windows NT 6.1; Win64; x64) AppleWebKit/537.36 (KHTML, like Gecko) Chrome/68.0.3440.106 Safari/537.36]
[2019-06-24T17:33:57.174] [INFO] default - [::1 POST /login 200 2ms][http://localhost:3000/ HTTP/1.1 Mozilla/5.0 (Windows NT 6.1; Win64; x64) AppleWebKit/537.36 (KHTML, like Gecko) Chrome/68.0.3440.106 Safari/537.36]
[2019-06-24T17:33:57.384] [INFO] default - [::1 POST /login 200 2ms][http://localhost:3000/ HTTP/1.1 Mozilla/5.0 (Windows NT 6.1; Win64; x64) AppleWebKit/537.36 (KHTML, like Gecko) Chrome/68.0.3440.106 Safari/537.36]
[2019-06-24T17:34:06.277] [INFO] default - test info 1
[2019-06-24T17:34:09.840] [INFO] default - [::1 GET / 304 13ms][ HTTP/1.1 Mozilla/5.0 (Windows NT 6.1; Win64; x64) AppleWebKit/537.36 (KHTML, like Gecko) Chrome/68.0.3440.106 Safari/537.36]
[2019-06-24T17:34:09.868] [INFO] default - [::1 GET /public/css/login.css 304 8ms][http://localhost:3000/ HTTP/1.1 Mozilla/5.0 (Windows NT 6.1; Win64; x64) AppleWebKit/537.36 (KHTML, like Gecko) Chrome/68.0.3440.106 Safari/537.36]
[2019-06-24T17:34:09.868] [INFO] default - [::1 GET /public/img/icon1.png 304 8ms][http://localhost:3000/ HTTP/1.1 Mozilla/5.0 (Windows NT 6.1; Win64; x64) AppleWebKit/537.36 (KHTML, like Gecko) Chrome/68.0.3440.106 Safari/537.36]
[2019-06-24T17:34:09.869] [INFO] default - [::1 GET /public/img/icon2.png 304 8ms][http://localhost:3000/ HTTP/1.1 Mozilla/5.0 (Windows NT 6.1; Win64; x64) AppleWebKit/537.36 (KHTML, like Gecko) Chrome/68.0.3440.106 Safari/537.36]
[2019-06-24T17:34:09.873] [INFO] default - [::1 GET /public/js/login.js 304 2ms][http://localhost:3000/ HTTP/1.1 Mozilla/5.0 (Windows NT 6.1; Win64; x64) AppleWebKit/537.36 (KHTML, like Gecko) Chrome/68.0.3440.106 Safari/537.36]
[2019-06-24T17:34:09.902] [INFO] default - [::1 GET /public/img/bg2.jpg 304 2ms][http://localhost:3000/public/css/login.css HTTP/1.1 Mozilla/5.0 (Windows NT 6.1; Win64; x64) AppleWebKit/537.36 (KHTML, like Gecko) Chrome/68.0.3440.106 Safari/537.36]
[2019-06-24T17:34:13.818] [INFO] default - [::1 POST /login 200 51ms][http://localhost:3000/ HTTP/1.1 Mozilla/5.0 (Windows NT 6.1; Win64; x64) AppleWebKit/537.36 (KHTML, like Gecko) Chrome/68.0.3440.106 Safari/537.36]
[2019-06-24T17:34:19.864] [INFO] default - test info 1
[2019-06-24T17:34:40.604] [INFO] default - test info 1
[2019-06-24T17:34:44.066] [INFO] default - [::1 GET / 304 13ms][ HTTP/1.1 Mozilla/5.0 (Windows NT 6.1; Win64; x64) AppleWebKit/537.36 (KHTML, like Gecko) Chrome/68.0.3440.106 Safari/537.36]
[2019-06-24T17:34:44.126] [INFO] default - [::1 GET /public/css/login.css 304 16ms][http://localhost:3000/ HTTP/1.1 Mozilla/5.0 (Windows NT 6.1; Win64; x64) AppleWebKit/537.36 (KHTML, like Gecko) Chrome/68.0.3440.106 Safari/537.36]
[2019-06-24T17:34:44.128] [INFO] default - [::1 GET /public/img/icon1.png 304 18ms][http://localhost:3000/ HTTP/1.1 Mozilla/5.0 (Windows NT 6.1; Win64; x64) AppleWebKit/537.36 (KHTML, like Gecko) Chrome/68.0.3440.106 Safari/537.36]
[2019-06-24T17:34:44.130] [INFO] default - [::1 GET /public/img/icon2.png 304 18ms][http://localhost:3000/ HTTP/1.1 Mozilla/5.0 (Windows NT 6.1; Win64; x64) AppleWebKit/537.36 (KHTML, like Gecko) Chrome/68.0.3440.106 Safari/537.36]
[2019-06-24T17:34:44.130] [INFO] default - [::1 GET /public/js/login.js 304 7ms][http://localhost:3000/ HTTP/1.1 Mozilla/5.0 (Windows NT 6.1; Win64; x64) AppleWebKit/537.36 (KHTML, like Gecko) Chrome/68.0.3440.106 Safari/537.36]
[2019-06-24T17:34:44.158] [INFO] default - [::1 GET /public/img/bg2.jpg 304 2ms][http://localhost:3000/public/css/login.css HTTP/1.1 Mozilla/5.0 (Windows NT 6.1; Win64; x64) AppleWebKit/537.36 (KHTML, like Gecko) Chrome/68.0.3440.106 Safari/537.36]
[2019-06-24T17:34:47.240] [INFO] default - [::1 POST /login 200 50ms][http://localhost:3000/ HTTP/1.1 Mozilla/5.0 (Windows NT 6.1; Win64; x64) AppleWebKit/537.36 (KHTML, like Gecko) Chrome/68.0.3440.106 Safari/537.36]
[2019-06-24T17:35:37.653] [INFO] default - test info 1
[2019-06-24T17:35:43.276] [INFO] default - [::1 POST /login 200 50ms][http://localhost:3000/ HTTP/1.1 Mozilla/5.0 (Windows NT 6.1; Win64; x64) AppleWebKit/537.36 (KHTML, like Gecko) Chrome/68.0.3440.106 Safari/537.36]
[2019-06-24T17:35:56.260] [INFO] default - [::1 POST /login 200 5ms][http://localhost:3000/ HTTP/1.1 Mozilla/5.0 (Windows NT 6.1; Win64; x64) AppleWebKit/537.36 (KHTML, like Gecko) Chrome/68.0.3440.106 Safari/537.36]
[2019-06-24T17:37:13.599] [INFO] default - test info 1
[2019-06-24T17:37:15.312] [INFO] default - [::1 GET / 304 13ms][ HTTP/1.1 Mozilla/5.0 (Windows NT 6.1; Win64; x64) AppleWebKit/537.36 (KHTML, like Gecko) Chrome/68.0.3440.106 Safari/537.36]
[2019-06-24T17:37:15.342] [INFO] default - [::1 GET /public/css/login.css 304 4ms][http://localhost:3000/ HTTP/1.1 Mozilla/5.0 (Windows NT 6.1; Win64; x64) AppleWebKit/537.36 (KHTML, like Gecko) Chrome/68.0.3440.106 Safari/537.36]
[2019-06-24T17:37:15.355] [INFO] default - [::1 GET /public/img/icon1.png 304 9ms][http://localhost:3000/ HTTP/1.1 Mozilla/5.0 (Windows NT 6.1; Win64; x64) AppleWebKit/537.36 (KHTML, like Gecko) Chrome/68.0.3440.106 Safari/537.36]
[2019-06-24T17:37:15.356] [INFO] default - [::1 GET /public/img/icon2.png 304 9ms][http://localhost:3000/ HTTP/1.1 Mozilla/5.0 (Windows NT 6.1; Win64; x64) AppleWebKit/537.36 (KHTML, like Gecko) Chrome/68.0.3440.106 Safari/537.36]
[2019-06-24T17:37:15.364] [INFO] default - [::1 GET /public/js/login.js 304 3ms][http://localhost:3000/ HTTP/1.1 Mozilla/5.0 (Windows NT 6.1; Win64; x64) AppleWebKit/537.36 (KHTML, like Gecko) Chrome/68.0.3440.106 Safari/537.36]
[2019-06-24T17:37:15.385] [INFO] default - [::1 GET /public/img/bg2.jpg 304 1ms][http://localhost:3000/public/css/login.css HTTP/1.1 Mozilla/5.0 (Windows NT 6.1; Win64; x64) AppleWebKit/537.36 (KHTML, like Gecko) Chrome/68.0.3440.106 Safari/537.36]
[2019-06-24T17:37:23.558] [INFO] default - [::1 POST /login 200 62ms][http://localhost:3000/ HTTP/1.1 Mozilla/5.0 (Windows NT 6.1; Win64; x64) AppleWebKit/537.36 (KHTML, like Gecko) Chrome/68.0.3440.106 Safari/537.36]
[2019-06-24T17:38:28.461] [INFO] default - test info 1
[2019-06-24T17:38:31.615] [INFO] default - [::1 POST /login 200 52ms][http://localhost:3000/ HTTP/1.1 Mozilla/5.0 (Windows NT 6.1; Win64; x64) AppleWebKit/537.36 (KHTML, like Gecko) Chrome/68.0.3440.106 Safari/537.36]
[2019-06-24T17:40:18.373] [INFO] default - test info 1
[2019-06-24T17:40:21.046] [INFO] default - [::1 GET / 304 15ms][ HTTP/1.1 Mozilla/5.0 (Windows NT 6.1; Win64; x64) AppleWebKit/537.36 (KHTML, like Gecko) Chrome/68.0.3440.106 Safari/537.36]
[2019-06-24T17:40:21.083] [INFO] default - [::1 GET /public/css/login.css 304 12ms][http://localhost:3000/ HTTP/1.1 Mozilla/5.0 (Windows NT 6.1; Win64; x64) AppleWebKit/537.36 (KHTML, like Gecko) Chrome/68.0.3440.106 Safari/537.36]
[2019-06-24T17:40:21.086] [INFO] default - [::1 GET /public/img/icon1.png 304 14ms][http://localhost:3000/ HTTP/1.1 Mozilla/5.0 (Windows NT 6.1; Win64; x64) AppleWebKit/537.36 (KHTML, like Gecko) Chrome/68.0.3440.106 Safari/537.36]
[2019-06-24T17:40:21.090] [INFO] default - [::1 GET /public/img/icon2.png 304 5ms][http://localhost:3000/ HTTP/1.1 Mozilla/5.0 (Windows NT 6.1; Win64; x64) AppleWebKit/537.36 (KHTML, like Gecko) Chrome/68.0.3440.106 Safari/537.36]
[2019-06-24T17:40:21.091] [INFO] default - [::1 GET /public/js/login.js 304 3ms][http://localhost:3000/ HTTP/1.1 Mozilla/5.0 (Windows NT 6.1; Win64; x64) AppleWebKit/537.36 (KHTML, like Gecko) Chrome/68.0.3440.106 Safari/537.36]
[2019-06-24T17:40:21.101] [INFO] default - [::1 GET /public/img/bg2.jpg 304 1ms][http://localhost:3000/public/css/login.css HTTP/1.1 Mozilla/5.0 (Windows NT 6.1; Win64; x64) AppleWebKit/537.36 (KHTML, like Gecko) Chrome/68.0.3440.106 Safari/537.36]
[2019-06-24T17:40:29.328] [INFO] default - [::1 POST /login 200 42ms][http://localhost:3000/ HTTP/1.1 Mozilla/5.0 (Windows NT 6.1; Win64; x64) AppleWebKit/537.36 (KHTML, like Gecko) Chrome/68.0.3440.106 Safari/537.36]
[2019-06-24T17:41:24.195] [INFO] default - test info 1
[2019-06-24T17:41:26.046] [INFO] default - [::1 POST /login 200 51ms][http://localhost:3000/ HTTP/1.1 Mozilla/5.0 (Windows NT 6.1; Win64; x64) AppleWebKit/537.36 (KHTML, like Gecko) Chrome/68.0.3440.106 Safari/537.36]
[2019-06-24T17:46:58.774] [INFO] default - test info 1
[2019-06-24T17:48:13.940] [INFO] default - test info 1
[2019-06-24T17:49:30.023] [INFO] default - test info 1
[2019-06-24T17:49:36.493] [INFO] default - test info 1
[2019-06-24T17:53:24.073] [INFO] default - test info 1
[2019-06-24T17:53:41.301] [INFO] default - test info 1
[2019-06-24T17:54:20.505] [INFO] default - test info 1
[2019-06-24T17:54:22.609] [INFO] default - [::1 GET / 304 12ms][ HTTP/1.1 Mozilla/5.0 (Windows NT 6.1; Win64; x64) AppleWebKit/537.36 (KHTML, like Gecko) Chrome/68.0.3440.106 Safari/537.36]
[2019-06-24T17:54:22.636] [INFO] default - [::1 GET /public/css/login.css 304 4ms][http://localhost:3000/ HTTP/1.1 Mozilla/5.0 (Windows NT 6.1; Win64; x64) AppleWebKit/537.36 (KHTML, like Gecko) Chrome/68.0.3440.106 Safari/537.36]
[2019-06-24T17:54:22.638] [INFO] default - [::1 GET /public/img/icon1.png 304 5ms][http://localhost:3000/ HTTP/1.1 Mozilla/5.0 (Windows NT 6.1; Win64; x64) AppleWebKit/537.36 (KHTML, like Gecko) Chrome/68.0.3440.106 Safari/537.36]
[2019-06-24T17:54:22.639] [INFO] default - [::1 GET /public/img/icon2.png 304 5ms][http://localhost:3000/ HTTP/1.1 Mozilla/5.0 (Windows NT 6.1; Win64; x64) AppleWebKit/537.36 (KHTML, like Gecko) Chrome/68.0.3440.106 Safari/537.36]
[2019-06-24T17:54:22.673] [INFO] default - [::1 GET /public/js/login.js 304 24ms][http://localhost:3000/ HTTP/1.1 Mozilla/5.0 (Windows NT 6.1; Win64; x64) AppleWebKit/537.36 (KHTML, like Gecko) Chrome/68.0.3440.106 Safari/537.36]
[2019-06-24T17:54:22.685] [INFO] default - [::1 GET /public/img/bg2.jpg 304 1ms][http://localhost:3000/public/css/login.css HTTP/1.1 Mozilla/5.0 (Windows NT 6.1; Win64; x64) AppleWebKit/537.36 (KHTML, like Gecko) Chrome/68.0.3440.106 Safari/537.36]
[2019-06-24T17:55:26.819] [INFO] default - test info 1
[2019-06-24T17:55:43.644] [INFO] default - test info 1
[2019-06-24T17:55:44.682] [INFO] default - [::1 GET / 304 13ms][ HTTP/1.1 Mozilla/5.0 (Windows NT 6.1; Win64; x64) AppleWebKit/537.36 (KHTML, like Gecko) Chrome/68.0.3440.106 Safari/537.36]
[2019-06-24T17:55:44.721] [INFO] default - [::1 GET /public/css/login.css 304 5ms][http://localhost:3000/ HTTP/1.1 Mozilla/5.0 (Windows NT 6.1; Win64; x64) AppleWebKit/537.36 (KHTML, like Gecko) Chrome/68.0.3440.106 Safari/537.36]
[2019-06-24T17:55:44.722] [INFO] default - [::1 GET /public/img/icon1.png 304 4ms][http://localhost:3000/ HTTP/1.1 Mozilla/5.0 (Windows NT 6.1; Win64; x64) AppleWebKit/537.36 (KHTML, like Gecko) Chrome/68.0.3440.106 Safari/537.36]
[2019-06-24T17:55:44.723] [INFO] default - [::1 GET /public/img/icon2.png 304 4ms][http://localhost:3000/ HTTP/1.1 Mozilla/5.0 (Windows NT 6.1; Win64; x64) AppleWebKit/537.36 (KHTML, like Gecko) Chrome/68.0.3440.106 Safari/537.36]
[2019-06-24T17:55:44.724] [INFO] default - [::1 GET /public/js/login.js 304 5ms][http://localhost:3000/ HTTP/1.1 Mozilla/5.0 (Windows NT 6.1; Win64; x64) AppleWebKit/537.36 (KHTML, like Gecko) Chrome/68.0.3440.106 Safari/537.36]
[2019-06-24T17:55:44.756] [INFO] default - [::1 GET /public/img/bg2.jpg 304 1ms][http://localhost:3000/public/css/login.css HTTP/1.1 Mozilla/5.0 (Windows NT 6.1; Win64; x64) AppleWebKit/537.36 (KHTML, like Gecko) Chrome/68.0.3440.106 Safari/537.36]
[2019-06-24T17:56:10.385] [INFO] default - test info 1
[2019-06-24T17:56:22.445] [INFO] default - test info 1
[2019-06-24T17:56:34.117] [INFO] default - test info 1
[2019-06-24T17:57:36.677] [INFO] default - test info 1
[2019-06-24T17:58:13.656] [INFO] default - test info 1
[2019-06-24T17:58:16.840] [INFO] default - [::1 POST /login 404 53ms][http://localhost:3000/ HTTP/1.1 Mozilla/5.0 (Windows NT 6.1; Win64; x64) AppleWebKit/537.36 (KHTML, like Gecko) Chrome/68.0.3440.106 Safari/537.36]
[2019-06-24T17:58:21.673] [INFO] default - [::1 POST /login 404 7ms][http://localhost:3000/ HTTP/1.1 Mozilla/5.0 (Windows NT 6.1; Win64; x64) AppleWebKit/537.36 (KHTML, like Gecko) Chrome/68.0.3440.106 Safari/537.36]
[2019-06-24T17:58:24.716] [INFO] default - [::1 POST /login 404 2ms][http://localhost:3000/ HTTP/1.1 Mozilla/5.0 (Windows NT 6.1; Win64; x64) AppleWebKit/537.36 (KHTML, like Gecko) Chrome/68.0.3440.106 Safari/537.36]
[2019-06-24T17:58:25.500] [INFO] default - [::1 POST /login 404 3ms][http://localhost:3000/ HTTP/1.1 Mozilla/5.0 (Windows NT 6.1; Win64; x64) AppleWebKit/537.36 (KHTML, like Gecko) Chrome/68.0.3440.106 Safari/537.36]
[2019-06-24T17:58:53.122] [INFO] default - test info 1
[2019-06-24T17:58:55.215] [INFO] default - [::1 POST /login 404 46ms][http://localhost:3000/ HTTP/1.1 Mozilla/5.0 (Windows NT 6.1; Win64; x64) AppleWebKit/537.36 (KHTML, like Gecko) Chrome/68.0.3440.106 Safari/537.36]
[2019-06-24T17:59:05.686] [INFO] default - test info 1
[2019-06-24T17:59:07.295] [INFO] default - [::1 POST /login 403 45ms][http://localhost:3000/ HTTP/1.1 Mozilla/5.0 (Windows NT 6.1; Win64; x64) AppleWebKit/537.36 (KHTML, like Gecko) Chrome/68.0.3440.106 Safari/537.36]
[2019-06-24T17:59:28.495] [INFO] default - [::1 POST /login 403 4ms][http://localhost:3000/ HTTP/1.1 Mozilla/5.0 (Windows NT 6.1; Win64; x64) AppleWebKit/537.36 (KHTML, like Gecko) Chrome/68.0.3440.106 Safari/537.36]
[2019-06-24T17:59:28.686] [INFO] default - [::1 POST /login 403 4ms][http://localhost:3000/ HTTP/1.1 Mozilla/5.0 (Windows NT 6.1; Win64; x64) AppleWebKit/537.36 (KHTML, like Gecko) Chrome/68.0.3440.106 Safari/537.36]
[2019-06-24T17:59:28.860] [INFO] default - [::1 POST /login 403 3ms][http://localhost:3000/ HTTP/1.1 Mozilla/5.0 (Windows NT 6.1; Win64; x64) AppleWebKit/537.36 (KHTML, like Gecko) Chrome/68.0.3440.106 Safari/537.36]
[2019-06-24T17:59:29.043] [INFO] default - [::1 POST /login 403 2ms][http://localhost:3000/ HTTP/1.1 Mozilla/5.0 (Windows NT 6.1; Win64; x64) AppleWebKit/537.36 (KHTML, like Gecko) Chrome/68.0.3440.106 Safari/537.36]
[2019-06-24T17:59:29.228] [INFO] default - [::1 POST /login 403 3ms][http://localhost:3000/ HTTP/1.1 Mozilla/5.0 (Windows NT 6.1; Win64; x64) AppleWebKit/537.36 (KHTML, like Gecko) Chrome/68.0.3440.106 Safari/537.36]
